Module ModSsoClosedXML
Proses pbuCreateXlsx_MonitoringPickList1
Process Start      : 27 Sep 2023 09:53:35


vnQuery
Select 
     isnull(sm.OID,0)vStorageStockOID,pm.vStorageOID,pm.vStorageInfoHtml,
     mb.CompanyCode,sm.RcvPOHOID,rc.RcvPONo,convert(varchar(11),rc.RcvPODate,106)vRcvPODate,mb.BRGCODE,mb.BRGNAME,
     sm.QtyOnHand,
     sm.vQtyAvailable,
     sm.QtyOnPutaway,sm.QtyOnPutawayWh,sm.QtyOnMovement,sm.QtyOnMovementWh,
     sm.QtyOnPickList,sm.QtyOnPicking,sm.QtyOnSgo,sm.QtyOnDispatch,sm.QtyOnKarantina,sm.QtyOnPutawayKr,
     sm.QtyOnPutawayDtw,sm.QtyOnPutawayDty,sm.QtyOnPutawayPtv,sm.QtyOnPutawayDsw,sm.QtyOnPutawayDsy
 From fnTbl_SsoStorageInfo('23085101') pm
      inner join fnTbl_SsoStorageStock() sm on sm.StorageOID=pm.vStorageOID
      left outer join Sys_SsoRcvPOHeader_TR rc on rc.OID=sm.RcvPOHOID
      inner join Sys_MstBarang_MA mb on mb.CompanyCode=sm.CompanyCode and mb.BRGCODE=sm.BRGCODE
Where 1=1
            and mb.CompanyCode='BAD'
            and mb.BRGCODE like '%%' and mb.BRGNAME like '%%'
            and pm.WarehouseOID=2
            and pm.BuildingOID=1003
            and pm.ZonaOID=2
 Order by rc.RcvPODate,rc.RcvPONo,mb.BRGCODE

27/09/2023 9:53:35 AM
Jumlah Data = 641

Proses : Persiapan Membuat File Xlsx...

Proses : Creating Excel Workbook...

Proses : Creating Excel Worksheet...

Proses : Mempersiapkan Header Report...

Proses : Mempersiapkan Column Header dan Column Format...
Proses : Mengisi Data...
Row 0 1456
Row 1 1463
Row 2 1464
Row 3 1465
Row 4 1506
Row 5 1512
Row 6 1513
Row 7 1514
Row 8 1515
Row 9 1638
Row 10 19232
Row 11 5253
Row 12 5229
Row 13 5252
Row 14 5229
Row 15 5255
Row 16 5235
Row 17 5232
Row 18 5252
Row 19 5241
Row 20 5243
Row 21 5240
Row 22 19232
Row 23 5249
Row 24 5230
Row 25 5231
Row 26 5255
Row 27 5255
Row 28 1560
Row 29 1496
Row 30 1726
Row 31 1727
Row 32 1728
Row 33 1578
Row 34 5232
Row 35 1596
Row 36 5230
Row 37 5241
Row 38 5252
Row 39 1500
Row 40 5239
Row 41 1498
Row 42 1497
Row 43 1496
Row 44 1497
Row 45 1496
Row 46 5232
Row 47 5241
Row 48 5228
Row 49 5253
Row 50 5239
Row 51 5232
Row 52 1496
Row 53 1497
Row 54 5252
Row 55 1496
Row 56 1496
Row 57 5235
Row 58 5249
Row 59 5248
Row 60 5227
Row 61 5250
Row 62 5232
Row 63 1003
Row 64 1006
Row 65 1497
Row 66 1006
Row 67 1524
Row 68 1408
Row 69 5228
Row 70 5254
Row 71 5239
Row 72 5232
Row 73 1496
Row 74 19232
Row 75 5241
Row 76 5239
Row 77 1006
Row 78 5239
Row 79 5252
Row 80 5252
Row 81 5228
Row 82 5231
Row 83 1434
Row 84 5222
Row 85 1557
Row 86 1559
Row 87 1602
Row 88 1603
Row 89 1641
Row 90 19232
Row 91 1470
Row 92 1434
Row 93 1435
Row 94 1434
Row 95 1435
Row 96 1435
Row 97 5240
Row 98 5242
Row 99 1498
Row 100 1497
Row 101 19232
Row 102 1718
Row 103 1719
Row 104 1722
Row 105 1551
Row 106 1593
Row 107 1026
Row 108 1442
Row 109 1451
Row 110 1452
Row 111 1493
Row 112 1502
Row 113 1453
Row 114 19232
Row 115 1396
Row 116 1539
Row 117 1540
Row 118 1541
Row 119 1402
Row 120 1403
Row 121 1440
Row 122 1441
Row 123 1489
Row 124 1505
Row 125 1591
Row 126 5249
Row 127 1501
Row 128 1561
Row 129 1419
Row 130 1436
Row 131 1437
Row 132 1438
Row 133 1439
Row 134 1630
Row 135 1631
Row 136 1666
Row 137 1667
Row 138 1670
Row 139 1585
Row 140 1586
Row 141 1587
Row 142 1594
Row 143 1595
Row 144 1607
Row 145 1491
Row 146 1492
Row 147 1538
Row 148 1542
Row 149 1549
Row 150 1584
Row 151 5247
Row 152 5254
Row 153 5232
Row 154 5247
Row 155 5246
Row 156 5239
Row 157 5227
Row 158 5242
Row 159 5247
Row 160 5254
Row 161 1457
Row 162 1458
Row 163 1459
Row 164 1509
Row 165 1552
Row 166 1639
Row 167 1683
Row 168 1684
Row 169 19232
Row 170 1640
Row 171 1643
Row 172 1644
Row 173 1678
Row 174 1679
Row 175 1682
Row 176 1612
Row 177 1613
Row 178 1653
Row 179 1006
Row 180 1007
Row 181 1008
Row 182 1009
Row 183 1010
Row 184 1474
Row 185 1422
Row 186 1423
Row 187 1424
Row 188 1472
Row 189 1473
Row 190 1474
Row 191 1425
Row 192 1475
Row 193 1524
Row 194 1569
Row 195 1533
Row 196 1003
Row 197 1007
Row 198 1003
Row 199 19232
Row 200 1006
Row 201 1396
Row 202 19232
Row 203 1013
Row 204 1522
Row 205 1574
Row 206 1561
Row 207 1572
Row 208 1573
Row 209 1575
Row 210 1653
Row 211 1660
Row 212 1701
Row 213 1469
Row 214 19232
Row 215 5255
Row 216 5252
Row 217 5254
Row 218 5254
Row 219 5232
Row 220 5254
Row 221 5254
Row 222 1534
Row 223 19232
Row 224 5251
Row 225 1726
Row 226 1490
Row 227 1593
Row 228 1720
Row 229 1495
Row 230 1533
Row 231 1482
Row 232 5239
Row 233 5239
Row 234 5255
Row 235 5253
Row 236 5238
Row 237 5227
Row 238 5254
Row 239 1622
Row 240 1499
Row 241 1497
Row 242 1470
Row 243 1518
Row 244 1519
Row 245 1520
Row 246 1521
Row 247 1497
Row 248 1504
Row 249 1409
Row 250 19232
Row 251 1533
Row 252 1410
Row 253 5254
Row 254 5239
Row 255 5254
Row 256 5240
Row 257 5229
Row 258 1578
Row 259 1529
Row 260 19232
Row 261 1400
Row 262 1401
Row 263 1019
Row 264 1399
Row 265 1014
Row 266 1418
Row 267 1399
Row 268 1606
Row 269 1003
Row 270 1007
Row 271 1471
Row 272 1529
Row 273 1547
Row 274 1468
Row 275 1654
Row 276 1655
Row 277 19232
Row 278 1660
Row 279 1661
Row 280 5248
Row 281 1496
Row 282 1525
Row 283 1526
Row 284 1401
Row 285 1454
Row 286 1455
Row 287 19232
Row 288 5250
Row 289 5227
Row 290 5229
Row 291 1484
Row 292 1568
Row 293 5231
Row 294 5239
Row 295 5243
Row 296 5232
Row 297 1019
Row 298 5229
Row 299 5255
Row 300 5255
Row 301 5247
Row 302 5255
Row 303 5238
Row 304 5254
Row 305 5238
Row 306 5248
Row 307 5228
Row 308 5254
Row 309 5228
Row 310 5249
Row 311 1571
Row 312 1526
Row 313 1699
Row 314 1700
Row 315 1606
Row 316 5237
Row 317 5239
Row 318 5245
Row 319 5243
Row 320 5234
Row 321 5239
Row 322 5244
Row 323 5246
Row 324 5243
Row 325 5254
Row 326 5243
Row 327 5235
Row 328 5238
Row 329 5243
Row 330 5228
Row 331 5243
Row 332 5225
Row 333 5228
Row 334 5233
Row 335 5238
Row 336 5237
Row 337 5237
Row 338 5238
Row 339 5254
Row 340 1406
Row 341 1407
Row 342 1723
Row 343 1724
Row 344 5234
Row 345 5235
Row 346 5237
Row 347 5235
Row 348 5235
Row 349 5255
Row 350 5225
Row 351 5228
Row 352 5243
Row 353 5254
Row 354 5243
Row 355 5245
Row 356 5226
Row 357 1396
Row 358 5236
Row 359 5236
Row 360 5241
Row 361 5244
Row 362 1485
Row 363 5235
Row 364 5237
Row 365 1606
Row 366 5228
Row 367 5228
Row 368 5228
Row 369 5227
Row 370 5235
Row 371 5244
Row 372 5245
Row 373 5243
Row 374 5254
Row 375 5247
Row 376 5247
Row 377 5248
Row 378 5229
Row 379 1015
Row 380 1468
Row 381 5233
Row 382 5228
Row 383 5233
Row 384 5238
Row 385 5238
Row 386 5228
Row 387 5236
Row 388 5245
Row 389 1662
Row 390 1663
Row 391 1664
Row 392 1665
Row 393 1671
Row 394 1606
Row 395 1581
Row 396 1582
Row 397 1668
Row 398 1674
Row 399 1675
Row 400 5234
Row 401 1622
Row 402 1624
Row 403 1616
Row 404 1614
Row 405 19232
Row 406 1589
Row 407 1606
Row 408 1648
Row 409 1649
Row 410 19232
Row 411 1634
Row 412 1635
Row 413 1646
Row 414 5228
Row 415 5237
Row 416 5230
Row 417 5250
Row 418 5227
Row 419 5250
Row 420 5236
Row 421 5244
Row 422 5238
Row 423 5245
Row 424 5228
Row 425 1021
Row 426 1396
Row 427 5234
Row 428 5245
Row 429 5235
Row 430 5238
Row 431 5235
Row 432 5254
Row 433 5226
Row 434 5228
Row 435 5254
Row 436 5239
Row 437 5255
Row 438 5236
Row 439 1570
Row 440 5231
Row 441 19232
Row 442 1416
Row 443 1466
Row 444 1467
Row 445 1516
Row 446 5244
Row 447 5239
Row 448 5230
Row 449 5237
Row 450 5230
Row 451 5238
Row 452 5229
Row 453 5229
Row 454 1446
Row 455 1537
Row 456 19232
Row 457 1620
Row 458 1537
Row 459 19232
Row 460 1589
Row 461 1526
Row 462 1469
Row 463 1471
Row 464 1015
Row 465 1694
Row 466 1410
Row 467 1409
Row 468 1504
Row 469 1504
Row 470 1507
Row 471 1461
Row 472 1511
Row 473 1578
Row 474 1621
Row 475 19232
Row 476 1597
Row 477 1695
Row 478 19232
Row 479 1696
Row 480 1494
Row 481 19232
Row 482 1554
Row 483 1599
Row 484 1014
Row 485 19232
Row 486 1553
Row 487 1598
Row 488 1694
Row 489 1443
Row 490 19232
Row 491 1523
Row 492 1025
Row 493 5238
Row 494 19232
Row 495 1592
Row 496 1623
Row 497 1426
Row 498 1427
Row 499 1428
Row 500 1433
Row 501 1476
Row 502 1477
Row 503 1528
Row 504 1573
Row 505 1617
Row 506 1618
Row 507 19232
Row 508 1478
Row 509 1479
Row 510 1480
Row 511 1481
Row 512 1483
Row 513 1527
Row 514 1016
Row 515 1533
Row 516 1407
Row 517 1414
Row 518 1415
Row 519 1628
Row 520 1677
Row 521 19232
Row 522 1716
Row 523 1717
Row 524 1676
Row 525 1669
Row 526 1701
Row 527 1609
Row 528 1610
Row 529 1647
Row 530 1688
Row 531 1610
Row 532 1694
Row 533 1697
Row 534 1614
Row 535 1577
Row 536 1686
Row 537 1687
Row 538 1575
Row 539 1517
Row 540 1579
Row 541 1626
Row 542 1627
Row 543 1629
Row 544 1714
Row 545 1715
Row 546 1708
Row 547 1709
Row 548 1710
Row 549 1711
Row 550 1712
Row 551 1713
Row 552 1702
Row 553 1703
Row 554 1704
Row 555 1705
Row 556 1706
Row 557 1707
Row 558 1649
Row 559 1650
Row 560 1658
Row 561 1659
Row 562 1692
Row 563 1693
Row 564 1444
Row 565 19232
Row 566 1552
Row 567 1488
Row 568 19232
Row 569 1552
Row 570 1546
Row 571 19232
Row 572 1598
Row 573 1413
Row 574 19232
Row 575 1413
Row 576 1445
Row 577 1418
Row 578 1421
Row 579 19232
Row 580 1018
Row 581 1632
Row 582 1633
Row 583 1672
Row 584 1610
Row 585 1588
Row 586 1590
Row 587 1611
Row 588 1688
Row 589 1696
Row 590 1606
Row 591 1530
Row 592 1531
Row 593 1532
Row 594 1567
Row 595 1568
Row 596 1618
Row 597 1619
Row 598 1615
Row 599 1651
Row 600 1652
Row 601 1656
Row 602 1689
Row 603 1691
Row 604 1698
Row 605 19232
Row 606 5228
Row 607 5235
Row 608 1694
Row 609 19232
Row 610 1657
Row 611 1676
Row 612 1690
Row 613 19232
Row 614 1456
Row 615 19232
Row 616 1458
Row 617 19232
Row 618 1608
Row 619 1609
Row 620 1609
Row 621 19232
Row 622 1649
Row 623 1570
Row 624 1571
Row 625 19232
Row 626 1686
Row 627 1689
Row 628 19232
Row 629 1456
Row 630 1535
Row 631 1536
Row 632 1543
Row 633 19232
Row 634 1458
Row 635 19232
Row 636 1458
Row 637 19232
Row 638 1458
Row 639 19232
Row 640 1458
Files Names Stock Info-43-20230927_095335.xlsx
-------------------------------EOF-------------------------------
