Module ModSsoClosedXML
Proses pbuCreateXlsx_MonitoringPickList1
Process Start      : 06 Oct 2023 13:10:04


vnQuery
Select 
     isnull(sm.OID,0)vStorageStockOID,pm.vStorageOID,pm.vStorageInfoHtml,
     mb.CompanyCode,sm.RcvPOHOID,rc.RcvPONo,convert(varchar(11),rc.RcvPODate,106)vRcvPODate,mb.BRGCODE,mb.BRGNAME,
     sm.QtyOnHand,
     sm.vQtyAvailable,
     sm.QtyOnPutaway,sm.QtyOnPutawayWh,sm.QtyOnMovement,sm.QtyOnMovementWh,
     sm.QtyOnPickList,sm.QtyOnPicking,sm.QtyOnSgo,sm.QtyOnDispatch,sm.QtyOnKarantina,sm.QtyOnPutawayKr,
     sm.QtyOnPutawayDtw,sm.QtyOnPutawayDty,sm.QtyOnPutawayPtv,sm.QtyOnPutawayDsw,sm.QtyOnPutawayDsy
 From fnTbl_SsoStorageInfo('nugraha') pm
      inner join fnTbl_SsoStorageStock() sm on sm.StorageOID=pm.vStorageOID
      left outer join Sys_SsoRcvPOHeader_TR rc on rc.OID=sm.RcvPOHOID
      inner join Sys_MstBarang_MA mb on mb.CompanyCode=sm.CompanyCode and mb.BRGCODE=sm.BRGCODE
Where 1=1
            and mb.CompanyCode='BAD'
            and mb.BRGCODE like '%BAD-06733%' and mb.BRGNAME like '%CAR AU-FRAME-2012-2017MAZDA ATENZA 9"/MA043N%'
            and pm.WarehouseOID=2
 Order by rc.RcvPODate,rc.RcvPONo,mb.BRGCODE

06/10/2023 1:10:04 PM
Jumlah Data = 2

Proses : Persiapan Membuat File Xlsx...

Proses : Creating Excel Workbook...

Proses : Creating Excel Worksheet...

Proses : Mempersiapkan Header Report...

Proses : Mempersiapkan Column Header dan Column Format...
Proses : Mengisi Data...
Row 0 5236
Row 1 5236
Files Names Stock Info-50-20231006_131004.xlsx
-------------------------------EOF-------------------------------
