Module WbfCrpViewer
Proses pbPrevieCrpWebQueryPopWin
Process Start      : 25 Sep 2023 16:34:23

Open SQL Connection....Start
vbuCrpPreview Pdf
vbuCrpFileName CrpSsoSummPutw.rpt
vnRptFolder C:\MyWorkspace\SB_IM\SBStoApp\SBSto\CrpFiles\

Load Report C:\MyWorkspace\SB_IM\SBStoApp\SBSto\CrpFiles\CrpSsoSummPutw.rpt...Start
Load Report C:\MyWorkspace\SB_IM\SBStoApp\SBSto\CrpFiles\CrpSsoSummPutw.rpt...End


SetDataSource...Start
SetDataSource...End

0.2
1
2
3
4
5
6
7
0.4
8
9

Show Report Berhasil
Process End           : 25 Sep 2023 16:34:25
---------------EOF-------------------------
