Module WbfSsoPO
Proses BtnXlsUpload_Click
Process Start      : 23 Oct 2023 17:12:00

Open SQL Connection....Start
vnFileName : C:\Data Baru\SB_WMS\SBStoApp\SBSto\XlsFolder\SPPO_20231023_171200 SPPO ATEST.xls
vnSheetName : Sheet 1
FupXls.SaveAs(C:\Data Baru\SB_WMS\SBStoApp\SBSto\XlsFolder\SPPO_20231023_171200 SPPO ATEST.xls)...Start
FupXls.SaveAs(C:\Data Baru\SB_WMS\SBStoApp\SBSto\XlsFolder\SPPO_20231023_171200 SPPO ATEST.xls)...End

vnQuery
CREATE Table #Sys_SsoPO_Temp(
[CompanyCode] [varchar](15) Not NULL,
[PO_NO] [varchar](50) Not NULL,
[JURNAL] [varchar](50) NULL,
[PO_DATE] [DateTime] Not NULL,
[SUB] [varchar](50) Not NULL,
[BRG] [varchar](450) Not NULL,
[GDGCODE] [varchar](50) Not NULL,
[QTY] [numeric](18, 0) Not NULL,
[NAMA_SUPPLIER] [varchar](50) Not NULL,
[NAMA_BARANG] [varchar](450) Not NULL,
[JOBNAME] [varchar](15) Not NULL,
[SAP_DocEntry] [int],
[SAP_DocType] [varchar](50),
[SAP_DocumentStatus] [varchar](50),
[SAP_Cancelled] [varchar](50),
[SAP_LineNum] [int],
[UploadSourceOID] [tinyint] Not NULL,
[POFileXlsOID] [Int] NULL,
[UploadDatetime] [DateTime] Not NULL
)

-----------------------
fsXlsImportData...Start
vnQuery
Delete #Sys_SsoPO_Temp
vnQuery
Select max(OID) From Sys_SsoPOFileXls_TR with(nolock)
Insert into Sys_SsoPOFileXls_TR
(OID,CompanyCode,UploadSourceOID,XlsFileName,UploadStartDatetime,UploadUserOID)
Values
(19,'BAD',1,'C:\Data Baru\SB_WMS\SBStoApp\SBSto\XlsFolder\SPPO_20231023_171200 SPPO ATEST.xls','23 Oct 2023 17:12:00',7)
vnPath : C:\Data Baru\SB_WMS\SBStoApp\SBSto\XlsFolder\SPPO_20231023_171200 SPPO ATEST.xls
vnXConnStr : Provider=Microsoft.ACE.OLEDB.12.0;Data Source=C:\Data Baru\SB_WMS\SBStoApp\SBSto\XlsFolder\SPPO_20231023_171200 SPPO ATEST.xls;Extended Properties=Excel 12.0 Xml;


vnCompanyCode = BAD

--------------------Loop...Start--------------------

vnNo 1

vnColOBL PO /2310/BP0005

vnColJURNAL                

vnColDATE_ 2023-10-17

vnColSUB S-FLS-0001     

vnColBRG BAD-07001      

vnColGDGOBL KEA01

vnColQTY 400

vnColNAMA_SUPPLIER FLYSONIC

vnColNAMA_BARANG SANSUI-SA-5200I-/CLASSIC/ 8163//-7 IN-2+32@4

vnColJOBNAME BAD
vnQuery
Insert into #Sys_SsoPO_Temp
(CompanyCode,PO_NO,JURNAL,PO_DATE,SUB,BRG,GDGCODE,
QTY,NAMA_SUPPLIER,NAMA_BARANG,JOBNAME,
POFileXlsOID,UploadSourceOID,UploadDatetime
)
Select 'BAD'CompanyCode,'PO /2310/BP0005'PO_NO,'               'JURNAL,'2023-10-17'PO_DATE,'S-FLS-0001     'SUB,'BAD-07001      'BRG,'KEA01'GDGCODE,
'400'QTY,'FLYSONIC'NAMA_SUPPLIER,'SANSUI-SA-5200I-/CLASSIC/ 8163//-7 IN-2+32@4'NAMA_BARANG,'BAD'JOBNAME,
19,1,'23 Oct 2023 17:12:00'

vnNo 2

vnColOBL PO /2310/BP0005

vnColJURNAL                

vnColDATE_ 2023-10-17

vnColSUB S-FLS-0001     

vnColBRG BAD-07021      

vnColGDGOBL KEA01

vnColQTY 840

vnColNAMA_SUPPLIER FLYSONIC

vnColNAMA_BARANG SANSUI-SA-5200IDURAGON-GEN2/4+64/9IN-ANDR@4

vnColJOBNAME BAD
vnQuery
Insert into #Sys_SsoPO_Temp
(CompanyCode,PO_NO,JURNAL,PO_DATE,SUB,BRG,GDGCODE,
QTY,NAMA_SUPPLIER,NAMA_BARANG,JOBNAME,
POFileXlsOID,UploadSourceOID,UploadDatetime
)
Select 'BAD'CompanyCode,'PO /2310/BP0005'PO_NO,'               'JURNAL,'2023-10-17'PO_DATE,'S-FLS-0001     'SUB,'BAD-07021      'BRG,'KEA01'GDGCODE,
'840'QTY,'FLYSONIC'NAMA_SUPPLIER,'SANSUI-SA-5200IDURAGON-GEN2/4+64/9IN-ANDR@4'NAMA_BARANG,'BAD'JOBNAME,
19,1,'23 Oct 2023 17:12:00'

vnNo 3

vnColOBL PO /2310/BP0005

vnColJURNAL                

vnColDATE_ 2023-10-17

vnColSUB S-FLS-0001     

vnColBRG BAD-07019      

vnColGDGOBL KEA01

vnColQTY 160

vnColNAMA_SUPPLIER FLYSONIC

vnColNAMA_BARANG SANSUI-SA-5200IDURAGON-GEN2/4+64/10IN-ANDR@4

vnColJOBNAME BAD
vnQuery
Insert into #Sys_SsoPO_Temp
(CompanyCode,PO_NO,JURNAL,PO_DATE,SUB,BRG,GDGCODE,
QTY,NAMA_SUPPLIER,NAMA_BARANG,JOBNAME,
POFileXlsOID,UploadSourceOID,UploadDatetime
)
Select 'BAD'CompanyCode,'PO /2310/BP0005'PO_NO,'               'JURNAL,'2023-10-17'PO_DATE,'S-FLS-0001     'SUB,'BAD-07019      'BRG,'KEA01'GDGCODE,
'160'QTY,'FLYSONIC'NAMA_SUPPLIER,'SANSUI-SA-5200IDURAGON-GEN2/4+64/10IN-ANDR@4'NAMA_BARANG,'BAD'JOBNAME,
19,1,'23 Oct 2023 17:12:00'

vnNo 4

vnColOBL 

vnColJURNAL 

PROCESS TERMINATED...ERROR :
Object cannot be cast from DBNull to other types.

-----------------------ERROR-----------------------
------------------------EOF------------------------
