Module WbfSsoSOWithCc
Proses psSaveBaru
Process Start      : 22 Aug 2023 15:20:00

Open SQL Connection....Start
Insert into Sys_SsoSOHeader_TR(OID,SONo,
SOTypeOID,SOCutOff,
SOCompanyCode,SOWarehouseOID,SOSubWarehouseOID,
SOXlsFileName,SOXlsSheetName,
SONote,
TransCode,CreationUserOID,CreationDatetime,
SOStockDownload)
values(29,'SO/BAD/KEA01/23/08/22/0001',
2,'22 Aug 2023 00:00',
'BAD',1,1,
'','',
'',
'SSOH',14,getdate(),
0)

2
pbuInsertStatusSSOH...Start
pbuInsertStatusSSOH...End

vnSOTypeOID = enuSOType.CcLocation = 2

22 Aug 2023 15:20:00
Create Stock Opname Sukses

------------------------EOF------------------------
