Module WbfSsoSOWithCc
Proses psSaveBaru
Process Start      : 22 Aug 2023 15:21:15

Open SQL Connection....Start
Insert into Sys_SsoSOHeader_TR(OID,SONo,
SOTypeOID,SOCutOff,
SOCompanyCode,SOWarehouseOID,SOSubWarehouseOID,
SOXlsFileName,SOXlsSheetName,
SONote,
TransCode,CreationUserOID,CreationDatetime,
SOStockDownload)
values(30,'SO/BAD/PRA01/23/08/22/0003',
2,'22 Aug 2023 00:00',
'BAD',2,2,
'','',
'',
'SSOH',14,getdate(),
0)

2
pbuInsertStatusSSOH...Start
pbuInsertStatusSSOH...End

vnSOTypeOID = enuSOType.CcLocation = 2

22 Aug 2023 15:21:16
Create Stock Opname Sukses

------------------------EOF------------------------
