Module WbfCrpViewer
Proses pbPrevieCrpWebQueryPopWin
Process Start      : 06 Oct 2023 18:02:38

Open SQL Connection....Start
vbuCrpPreview Pdf
vbuCrpFileName CrpBnsrphBarcodeSelectionQR.rpt
vnRptFolder C:\MyWorkspace\SB_IM\SBStoApp\SBSto\CrpFiles\

Load Report C:\MyWorkspace\SB_IM\SBStoApp\SBSto\CrpFiles\CrpBnsrphBarcodeSelectionQR.rpt...Start
Load Report C:\MyWorkspace\SB_IM\SBStoApp\SBSto\CrpFiles\CrpBnsrphBarcodeSelectionQR.rpt...End


SetDataSource...Start
SetDataSource...End

0.2
1
2
3
4
5
6
7
0.4
8
9

Show Report Berhasil
Process End           : 06 Oct 2023 18:02:40
---------------EOF-------------------------
