Module ModSsoClosedXML
Proses pbuCreateXlsx_SummarySKK
Process Start      : 19 Sep 2023 16:29:06


vnQuery
 SELECT * FROM (  Select pcl.OID vPCLHOID,pcl.PCLNo,pcl.PCLCompanyCode,msc.SchDTypeName,pcl.PCLRefHNo,
		        pcl.WarehouseOID,mwh.WarehouseName,
		        convert(varchar(11),pcl.CreationDatetime,106)+'<br />'+convert(varchar(11),pcl.CreationDatetime,108)vCreationDatetime,
		        convert(varchar(11),pcl.PreparedDatetime,106)+'<br />'+convert(varchar(11),pcl.PreparedDatetime,108)vPreparedDatetime,
		        sts_pcl.TransStatusDescr vTransStatusDescr_PCL,
		        pck.PCKNo,convert(varchar(11),pck.PCKDate,106)vPCKDate,pck.StorageOID,sti.vStorageInfoHtml,sts_pck.TransStatusDescr vTransStatusDescr_PCK,
		        dsp.DSPNo,convert(varchar(11),dsp.DSPDate,106)vDSPDate,mdr.DcmDriverName,mvh.VehicleNo,dsp.vTransStatusDescr_DSP,dsp.vCreateUser_DSP,
		        dsr.DSRNo,convert(varchar(11),dsr.DSRDate,106)vDSRDate,dsr.vTransStatusDescr_DSR,dsr.vCreateUser_DSR,
		        sgo.SGONo,convert(varchar(11),sgo.SGODate,106)vSGODate,sgo.vTransStatusDescr_SGO,sgo.vCreateUser_SGO,sgo_asal.vStorageInfo_Wh_Bd_Lt vStgOut_Asal,sgo_dest.vStorageInfo_Wh_Bd_Lt vStgOut_Dest,
		        pcl.CreationDatetime
		 From Sys_SsoPCLHeader_TR pcl with(nolock)
	          inner join Delivery_Monitoring.dbo.Sys_DcmSchDType_MA msc with(nolock) on msc.OID=pcl.SchDTypeOID
	          inner join SB_DATAWH.dbo.Sys_Warehouse_MA mwh with(nolock) on mwh.OID=pcl.WarehouseOID
	          inner join Sys_SsoTransStatus_MA sts_pcl with(nolock) on sts_pcl.TransCode=pcl.TransCode and sts_pcl.TransStatus=pcl.TransStatus
	          left outer join Sys_SsoPCKHeader_TR pck with(nolock) on pck.PCLHOID=pcl.OID
	          left outer join Sys_SsoTransStatus_MA sts_pck with(nolock) on sts_pck.TransCode=pck.TransCode and sts_pck.TransStatus=pck.TransStatus
	          left outer join SB_DATAWH.dbo.fnTbl_SsoStorageInfo(0) sti on sti.vStorageOID=pck.StorageOID
	          left outer join fnTbl_SsoDSPHeader_Pick() dsp on dsp.PCKHOID=pck.OID
	          left outer join fnTbl_SsoDSRHeader_Pick() dsr on dsr.PCKHOID=pck.OID
	          left outer join fnTbl_SsoSGOHeader_Pick() sgo on sgo.PCKHOID=pck.OID
	          left outer join SB_DATAWH.dbo.fnTbl_SsoStorageInfo(0) sgo_asal on sgo_asal.vStorageOID=sgo.StorageOID
	          left outer join SB_DATAWH.dbo.fnTbl_SsoStorageInfo(0) sgo_dest on sgo_dest.vStorageOID=sgo.StorageOID_Dest
	          left outer join Delivery_Monitoring.dbo.Sys_DcmDriver_MA mdr with(nolock) on mdr.OID=dsp.DcmSchDriverOID
	          left outer join Delivery_Monitoring.dbo.Sys_DcmVehicle_MA mvh with(nolock) on mvh.OID=dsp.DcmVehicleOID
	    Where pcl.SchDTypeOID in (1,5,7)
	    UNION ALL
	    Select pcl.OID vPCLHOID,pcl.PCLNo,pcl.PCLCompanyCode,msc.SchDTypeName,pcl.PCLRefHNo,
	           pcl.WarehouseOID,mwh.WarehouseName,
		       convert(varchar(11),pcl.CreationDatetime,106)+'<br />'+convert(varchar(11),pcl.CreationDatetime,108)vCreationDatetime,
		       convert(varchar(11),pcl.PreparedDatetime,106)+'<br />'+convert(varchar(11),pcl.PreparedDatetime,108)vPreparedDatetime,
	           sts_pcl.TransStatusDescr vTransStatusDescr_PCL,
	           pck.PCKNo,convert(varchar(11),pck.PCKDate,106)vPCKDate,pck.StorageOID,sti.vStorageInfoHtml,sts_pck.TransStatusDescr vTransStatusDescr_PCK,
		       ptw.vPtwNo DSPNo,convert(varchar(11),ptw.vPtwDate,106)vDSPDate,''DcmDriverName,''VehicleNo,ptw.vTransStatusDescr_Ptw,ptw.vCreateUser_Ptw,
		       dsr.DSRNo,convert(varchar(11),dsr.DSRDate,106)vDSRDate,dsr.vTransStatusDescr_DSR,dsr.vCreateUser_DSR,
		       sgo.SGONo,convert(varchar(11),sgo.SGODate,106)vSGODate,sgo.vTransStatusDescr_SGO,sgo.vCreateUser_SGO,sgo_asal.vStorageInfo_Wh_Bd_Lt vStgOut_Asal,sgo_dest.vStorageInfo_Wh_Bd_Lt vStgOut_Dest,
		       pcl.CreationDatetime
	      From Sys_SsoPCLHeader_TR pcl with(nolock)
	           inner join Delivery_Monitoring.dbo.Sys_DcmSchDType_MA msc with(nolock) on msc.OID=pcl.SchDTypeOID
	           inner join SB_DATAWH.dbo.Sys_Warehouse_MA mwh with(nolock) on mwh.OID=pcl.WarehouseOID
	           inner join Sys_SsoTransStatus_MA sts_pcl with(nolock) on sts_pcl.TransCode=pcl.TransCode and sts_pcl.TransStatus=pcl.TransStatus
	           left outer join Sys_SsoPCKHeader_TR pck with(nolock) on pck.PCLHOID=pcl.OID
	           left outer join fnTbl_SsoDSRHeader_Pick() dsr on dsr.PCKHOID=pck.OID
	           left outer join Sys_SsoTransStatus_MA sts_pck with(nolock) on sts_pck.TransCode=pck.TransCode and sts_pck.TransStatus=pck.TransStatus
	           left outer join fnTbl_SsoSGOHeader_Pick() sgo on sgo.PCKHOID=pck.OID
	           left outer join SB_DATAWH.dbo.fnTbl_SsoStorageInfo(0) sgo_asal on sgo_asal.vStorageOID=sgo.StorageOID
	           left outer join SB_DATAWH.dbo.fnTbl_SsoStorageInfo(0) sgo_dest on sgo_dest.vStorageOID=sgo.StorageOID_Dest
	           left outer join SB_DATAWH.dbo.fnTbl_SsoStorageInfo(0) sti on sti.vStorageOID=pck.StorageOID
	           left outer join fnTbl_SsoDT_Ptw_Header() ptw on ptw.PCKHOID=pck.OID
		 Where pcl.SchDTypeOID = 8  ) tb 
 Where 1 = 1 
      And WarehouseOID =1
 Order by CreationDatetime DESC

19/09/2023 4:29:07 PM
Jumlah Data = 1014

Proses : Persiapan Membuat File Xlsx...

Proses : Creating Excel Workbook...

Proses : Creating Excel Worksheet...

Proses : Mempersiapkan Header Report...

Proses : Mempersiapkan Column Header dan Column Format...
Proses : Mengisi Data...
Row 0 PICK/CAS/KP/23/09/0251
Row 1 PICK/BAD/KP/23/09/0763
Row 2 PICK/BAD/KP/23/09/0762
Row 3 PICK/BAD/KP/23/09/0761
Row 4 PICK/BAD/KP/23/09/0760
Row 5 PICK/CAS/KP/23/09/0250
Row 6 PICK/BAD/KP/23/09/0759
Row 7 PICK/BAD/KP/23/09/0758
Row 8 PICK/BAD/KP/23/09/0757
Row 9 PICK/BAD/KP/23/09/0756
Row 10 PICK/BAD/KP/23/09/0755
Row 11 PICK/BAD/KP/23/09/0754
Row 12 PICK/BAD/KP/23/09/0753
Row 13 PICK/CAS/KP/23/09/0249
Row 14 PICK/CAS/KP/23/09/0248
Row 15 PICK/BAD/KP/23/09/0752
Row 16 PICK/BAD/KP/23/09/0751
Row 17 PICK/BAD/KP/23/09/0750
Row 18 PICK/BAD/KP/23/09/0749
Row 19 PICK/BAD/KP/23/09/0748
Row 20 PICK/BAD/KP/23/09/0747
Row 21 PICK/CAS/KP/23/09/0247
Row 22 PICK/BAD/KP/23/09/0746
Row 23 PICK/BAD/KP/23/09/0745
Row 24 PICK/BAD/KP/23/09/0744
Row 25 PICK/BAD/KP/23/09/0743
Row 26 PICK/BAD/KP/23/09/0742
Row 27 PICK/BAD/KP/23/09/0741
Row 28 PICK/BAD/KP/23/09/0740
Row 29 PICK/BAD/KP/23/09/0739
Row 30 PICK/BAD/KP/23/09/0738
Row 31 PICK/BAD/KP/23/09/0737
Row 32 PICK/BAD/KP/23/09/0736
Row 33 PICK/CAS/KP/23/09/0246
Row 34 PICK/CAS/KP/23/09/0245
Row 35 PICK/CAS/KP/23/09/0244
Row 36 PICK/BAD/KP/23/09/0735
Row 37 PICK/BAD/KP/23/09/0734
Row 38 PICK/BAD/KP/23/09/0733
Row 39 PICK/BAD/KP/23/09/0732
Row 40 PICK/BAD/KP/23/09/0731
Row 41 PICK/BAD/KP/23/09/0730
Row 42 PICK/BAD/KP/23/09/0729
Row 43 PICK/CAS/KP/23/09/0243
Row 44 PICK/BAD/KP/23/09/0728
Row 45 PICK/BAD/KP/23/09/0727
Row 46 PICK/BAD/KP/23/09/0726
Row 47 PICK/BAD/KP/23/09/0725
Row 48 PICK/BAD/KP/23/09/0724
Row 49 PICK/BAD/KP/23/09/0723
Row 50 PICK/BAD/KP/23/09/0722
Row 51 PICK/CAS/KP/23/09/0242
Row 52 PICK/BAD/KP/23/09/0721
Row 53 PICK/BAD/KP/23/09/0720
Row 54 PICK/BAD/KP/23/09/0719
Row 55 PICK/CAS/KP/23/09/0241
Row 56 PICK/BAD/KP/23/09/0718
Row 57 PICK/BAD/KP/23/09/0717
Row 58 PICK/CAS/KP/23/09/0240
Row 59 PICK/CAS/KP/23/09/0239
Row 60 PICK/BAD/KP/23/09/0716
Row 61 PICK/BAD/KP/23/09/0715
Row 62 PICK/BAD/KP/23/09/0714
Row 63 PICK/BAD/KP/23/09/0713
Row 64 PICK/BAD/KP/23/09/0712
Row 65 PICK/BAD/KP/23/09/0711
Row 66 PICK/BAD/KP/23/09/0710
Row 67 PICK/BAD/KP/23/09/0709
Row 68 PICK/BAD/KP/23/09/0708
Row 69 PICK/BAD/KP/23/09/0707
Row 70 PICK/BAD/KP/23/09/0706
Row 71 PICK/BAD/KP/23/09/0705
Row 72 PICK/BAD/KP/23/09/0704
Row 73 PICK/BAD/KP/23/09/0703
Row 74 PICK/BAD/KP/23/09/0702
Row 75 PICK/BAD/KP/23/09/0701
Row 76 PICK/BAD/KP/23/09/0700
Row 77 PICK/BAD/KP/23/09/0699
Row 78 PICK/BAD/KP/23/09/0698
Row 79 PICK/BAD/KP/23/09/0697
Row 80 PICK/BAD/KP/23/09/0696
Row 81 PICK/BAD/KP/23/09/0695
Row 82 PICK/BAD/KP/23/09/0694
Row 83 PICK/BAD/KP/23/09/0693
Row 84 PICK/BAD/KP/23/09/0692
Row 85 PICK/BAD/KP/23/09/0691
Row 86 PICK/BAD/KP/23/09/0690
Row 87 PICK/BAD/KP/23/09/0689
Row 88 PICK/BAD/KP/23/09/0688
Row 89 PICK/BAD/KP/23/09/0687
Row 90 PICK/BAD/KP/23/09/0686
Row 91 PICK/CAS/KP/23/09/0238
Row 92 PICK/BAD/KP/23/09/0685
Row 93 PICK/BAD/KP/23/09/0684
Row 94 PICK/BAD/KP/23/09/0683
Row 95 PICK/BAD/KP/23/09/0682
Row 96 PICK/BAD/KP/23/09/0681
Row 97 PICK/CAS/KP/23/09/0237
Row 98 PICK/BAD/KP/23/09/0680
Row 99 PICK/BAD/KP/23/09/0679
Row 100 PICK/BAD/KP/23/09/0678
Row 101 PICK/BAD/KP/23/09/0677
Row 102 PICK/BAD/KP/23/09/0676
Row 103 PICK/BAD/KP/23/09/0675
Row 104 PICK/BAD/KP/23/09/0674
Row 105 PICK/BAD/KP/23/09/0673
Row 106 PICK/BAD/KP/23/09/0672
Row 107 PICK/BAD/KP/23/09/0671
Row 108 PICK/BAD/KP/23/09/0670
Row 109 PICK/BAD/KP/23/09/0669
Row 110 PICK/BAD/KP/23/09/0668
Row 111 PICK/CAS/KP/23/09/0236
Row 112 PICK/CAS/KP/23/09/0235
Row 113 PICK/BAD/KP/23/09/0667
Row 114 PICK/BAD/KP/23/09/0666
Row 115 PICK/BAD/KP/23/09/0665
Row 116 PICK/BAD/KP/23/09/0664
Row 117 PICK/BAD/KP/23/09/0663
Row 118 PICK/BAD/KP/23/09/0662
Row 119 PICK/BAD/KP/23/09/0661
Row 120 PICK/BAD/KP/23/09/0660
Row 121 PICK/BAD/KP/23/09/0659
Row 122 PICK/BAD/KP/23/09/0658
Row 123 PICK/BAD/KP/23/09/0657
Row 124 PICK/BAD/KP/23/09/0656
Row 125 PICK/CAS/KP/23/09/0234
Row 126 PICK/CAS/KP/23/09/0233
Row 127 PICK/CAS/KP/23/09/0232
Row 128 PICK/CAS/KP/23/09/0231
Row 129 PICK/CAS/KP/23/09/0230
Row 130 PICK/CAS/KP/23/09/0229
Row 131 PICK/BAD/KP/23/09/0655
Row 132 PICK/CAS/KP/23/09/0228
Row 133 PICK/CAS/KP/23/09/0227
Row 134 PICK/CAS/KP/23/09/0226
Row 135 PICK/CAS/KP/23/09/0225
Row 136 PICK/CAS/KP/23/09/0224
Row 137 PICK/BAD/KP/23/09/0654
Row 138 PICK/BAD/KP/23/09/0653
Row 139 PICK/BAD/KP/23/09/0652
Row 140 PICK/BAD/KP/23/09/0651
Row 141 PICK/BAD/KP/23/09/0650
Row 142 PICK/BAD/KP/23/09/0649
Row 143 PICK/BAD/KP/23/09/0648
Row 144 PICK/BAD/KP/23/09/0647
Row 145 PICK/BAD/KP/23/09/0646
Row 146 PICK/BAD/KP/23/09/0645
Row 147 PICK/CAS/KP/23/09/0223
Row 148 PICK/BAD/KP/23/09/0644
Row 149 PICK/CAS/KP/23/09/0222
Row 150 PICK/CAS/KP/23/09/0221
Row 151 PICK/BAD/KP/23/09/0643
Row 152 PICK/BAD/KP/23/09/0642
Row 153 PICK/BAD/KP/23/09/0641
Row 154 PICK/BAD/KP/23/09/0640
Row 155 PICK/BAD/KP/23/09/0639
Row 156 PICK/BAD/KP/23/09/0638
Row 157 PICK/BAD/KP/23/09/0637
Row 158 PICK/BAD/KP/23/09/0636
Row 159 PICK/BAD/KP/23/09/0635
Row 160 PICK/CAS/KP/23/09/0220
Row 161 PICK/BAD/KP/23/09/0634
Row 162 PICK/BAD/KP/23/09/0633
Row 163 PICK/BAD/KP/23/09/0632
Row 164 PICK/BAD/KP/23/09/0631
Row 165 PICK/BAD/KP/23/09/0630
Row 166 PICK/CAS/KP/23/09/0219
Row 167 PICK/CAS/KP/23/09/0218
Row 168 PICK/CAS/KP/23/09/0217
Row 169 PICK/BAD/KP/23/09/0629
Row 170 PICK/BAD/KP/23/09/0628
Row 171 PICK/BAD/KP/23/09/0627
Row 172 PICK/BAD/KP/23/09/0626
Row 173 PICK/BAD/KP/23/09/0625
Row 174 PICK/BAD/KP/23/09/0624
Row 175 PICK/BAD/KP/23/09/0623
Row 176 PICK/BAD/KP/23/09/0622
Row 177 PICK/BAD/KP/23/09/0621
Row 178 PICK/CAS/KP/23/09/0216
Row 179 PICK/CAS/KP/23/09/0215
Row 180 PICK/BAD/KP/23/09/0620
Row 181 PICK/BAD/KP/23/09/0619
Row 182 PICK/BAD/KP/23/09/0618
Row 183 PICK/BAD/KP/23/09/0617
Row 184 PICK/BAD/KP/23/09/0616
Row 185 PICK/BAD/KP/23/09/0615
Row 186 PICK/BAD/KP/23/09/0614
Row 187 PICK/BAD/KP/23/09/0613
Row 188 PICK/BAD/KP/23/09/0612
Row 189 PICK/BAD/KP/23/09/0611
Row 190 PICK/BAD/KP/23/09/0610
Row 191 PICK/BAD/KP/23/09/0609
Row 192 PICK/BAD/KP/23/09/0608
Row 193 PICK/CAS/KP/23/09/0214
Row 194 PICK/CAS/KP/23/09/0213
Row 195 PICK/CAS/KP/23/09/0212
Row 196 PICK/CAS/KP/23/09/0211
Row 197 PICK/CAS/KP/23/09/0210
Row 198 PICK/BAD/KP/23/09/0607
Row 199 PICK/BAD/KP/23/09/0606
Row 200 PICK/BAD/KP/23/09/0605
Row 201 PICK/BAD/KP/23/09/0604
Row 202 PICK/BAD/KP/23/09/0603
Row 203 PICK/BAD/KP/23/09/0602
Row 204 PICK/BAD/KP/23/09/0601
Row 205 PICK/BAD/KP/23/09/0600
Row 206 PICK/BAD/KP/23/09/0599
Row 207 PICK/CAS/KP/23/09/0209
Row 208 PICK/CAS/KP/23/09/0208
Row 209 PICK/BAD/KP/23/09/0598
Row 210 PICK/BAD/KP/23/09/0597
Row 211 PICK/BAD/KP/23/09/0596
Row 212 PICK/BAD/KP/23/09/0595
Row 213 PICK/BAD/KP/23/09/0594
Row 214 PICK/BAD/KP/23/09/0593
Row 215 PICK/BAD/KP/23/09/0592
Row 216 PICK/BAD/KP/23/09/0591
Row 217 PICK/CAS/KP/23/09/0207
Row 218 PICK/BAD/KP/23/09/0590
Row 219 PICK/CAS/KP/23/09/0206
Row 220 PICK/CAS/KP/23/09/0205
Row 221 PICK/BAD/KP/23/09/0589
Row 222 PICK/BAD/KP/23/09/0588
Row 223 PICK/BAD/KP/23/09/0587
Row 224 PICK/BAD/KP/23/09/0586
Row 225 PICK/BAD/KP/23/09/0585
Row 226 PICK/BAD/KP/23/09/0584
Row 227 PICK/BAD/KP/23/09/0583
Row 228 PICK/BAD/KP/23/09/0582
Row 229 PICK/BAD/KP/23/09/0581
Row 230 PICK/BAD/KP/23/09/0580
Row 231 PICK/BAD/KP/23/09/0579
Row 232 PICK/BAD/KP/23/09/0578
Row 233 PICK/BAD/KP/23/09/0577
Row 234 PICK/BAD/KP/23/09/0576
Row 235 PICK/BAD/KP/23/09/0575
Row 236 PICK/BAD/KP/23/09/0574
Row 237 PICK/BAD/KP/23/09/0573
Row 238 PICK/BAD/KP/23/09/0572
Row 239 PICK/CAS/KP/23/09/0204
Row 240 PICK/BAD/KP/23/09/0571
Row 241 PICK/BAD/KP/23/09/0570
Row 242 PICK/BAD/KP/23/09/0569
Row 243 PICK/BAD/KP/23/09/0568
Row 244 PICK/BAD/KP/23/09/0567
Row 245 PICK/BAD/KP/23/09/0566
Row 246 PICK/BAD/KP/23/09/0565
Row 247 PICK/BAD/KP/23/09/0564
Row 248 PICK/BAD/KP/23/09/0563
Row 249 PICK/BAD/KP/23/09/0562
Row 250 PICK/BAD/KP/23/09/0561
Row 251 PICK/BAD/KP/23/09/0560
Row 252 PICK/BAD/KP/23/09/0559
Row 253 PICK/BAD/KP/23/09/0558
Row 254 PICK/BAD/KP/23/09/0557
Row 255 PICK/BAD/KP/23/09/0556
Row 256 PICK/BAD/KP/23/09/0555
Row 257 PICK/BAD/KP/23/09/0554
Row 258 PICK/BAD/KP/23/09/0553
Row 259 PICK/BAD/KP/23/09/0552
Row 260 PICK/CAS/KP/23/09/0203
Row 261 PICK/CAS/KP/23/09/0202
Row 262 PICK/CAS/KP/23/09/0201
Row 263 PICK/BAD/KP/23/09/0551
Row 264 PICK/BAD/KP/23/09/0550
Row 265 PICK/BAD/KP/23/09/0549
Row 266 PICK/CAS/KP/23/09/0200
Row 267 PICK/BAD/KP/23/09/0548
Row 268 PICK/BAD/KP/23/09/0547
Row 269 PICK/BAD/KP/23/09/0546
Row 270 PICK/CAS/KP/23/09/0199
Row 271 PICK/CAS/KP/23/09/0198
Row 272 PICK/CAS/KP/23/09/0197
Row 273 PICK/CAS/KP/23/09/0196
Row 274 PICK/BAD/KP/23/09/0545
Row 275 PICK/BAD/KP/23/09/0544
Row 276 PICK/BAD/KP/23/09/0543
Row 277 PICK/BAD/KP/23/09/0542
Row 278 PICK/BAD/KP/23/09/0541
Row 279 PICK/BAD/KP/23/09/0540
Row 280 PICK/CAS/KP/23/09/0195
Row 281 PICK/CAS/KP/23/09/0194
Row 282 PICK/BAD/KP/23/09/0539
Row 283 PICK/BAD/KP/23/09/0538
Row 284 PICK/BAD/KP/23/09/0537
Row 285 PICK/BAD/KP/23/09/0536
Row 286 PICK/BAD/KP/23/09/0535
Row 287 PICK/BAD/KP/23/09/0534
Row 288 PICK/BAD/KP/23/09/0533
Row 289 PICK/BAD/KP/23/09/0532
Row 290 PICK/BAD/KP/23/09/0531
Row 291 PICK/BAD/KP/23/09/0530
Row 292 PICK/BAD/KP/23/09/0529
Row 293 PICK/CAS/KP/23/09/0193
Row 294 PICK/CAS/KP/23/09/0192
Row 295 PICK/CAS/KP/23/09/0191
Row 296 PICK/BAD/KP/23/09/0528
Row 297 PICK/BAD/KP/23/09/0527
Row 298 PICK/BAD/KP/23/09/0526
Row 299 PICK/BAD/KP/23/09/0525
Row 300 PICK/BAD/KP/23/09/0524
Row 301 PICK/BAD/KP/23/09/0523
Row 302 PICK/BAD/KP/23/09/0522
Row 303 PICK/BAD/KP/23/09/0521
Row 304 PICK/BAD/KP/23/09/0520
Row 305 PICK/BAD/KP/23/09/0519
Row 306 PICK/BAD/KP/23/09/0518
Row 307 PICK/BAD/KP/23/09/0517
Row 308 PICK/BAD/KP/23/09/0516
Row 309 PICK/BAD/KP/23/09/0515
Row 310 PICK/BAD/KP/23/09/0514
Row 311 PICK/BAD/KP/23/09/0513
Row 312 PICK/BAD/KP/23/09/0512
Row 313 PICK/BAD/KP/23/09/0511
Row 314 PICK/BAD/KP/23/09/0510
Row 315 PICK/CAS/KP/23/09/0190
Row 316 PICK/CAS/KP/23/09/0189
Row 317 PICK/CAS/KP/23/09/0188
Row 318 PICK/BAD/KP/23/09/0509
Row 319 PICK/BAD/KP/23/09/0508
Row 320 PICK/BAD/KP/23/09/0507
Row 321 PICK/BAD/KP/23/09/0506
Row 322 PICK/BAD/KP/23/09/0505
Row 323 PICK/BAD/KP/23/09/0504
Row 324 PICK/BAD/KP/23/09/0503
Row 325 PICK/BAD/KP/23/09/0502
Row 326 PICK/CAS/KP/23/09/0187
Row 327 PICK/CAS/KP/23/09/0186
Row 328 PICK/CAS/KP/23/09/0185
Row 329 PICK/CAS/KP/23/09/0184
Row 330 PICK/CAS/KP/23/09/0183
Row 331 PICK/BAD/KP/23/09/0501
Row 332 PICK/BAD/KP/23/09/0500
Row 333 PICK/BAD/KP/23/09/0499
Row 334 PICK/BAD/KP/23/09/0498
Row 335 PICK/BAD/KP/23/09/0497
Row 336 PICK/BAD/KP/23/09/0496
Row 337 PICK/BAD/KP/23/09/0495
Row 338 PICK/BAD/KP/23/09/0494
Row 339 PICK/CAS/KP/23/09/0182
Row 340 PICK/CAS/KP/23/09/0181
Row 341 PICK/CAS/KP/23/09/0180
Row 342 PICK/BAD/KP/23/09/0493
Row 343 PICK/BAD/KP/23/09/0492
Row 344 PICK/BAD/KP/23/09/0491
Row 345 PICK/BAD/KP/23/09/0490
Row 346 PICK/BAD/KP/23/09/0489
Row 347 PICK/CAS/KP/23/09/0179
Row 348 PICK/CAS/KP/23/09/0178
Row 349 PICK/CAS/KP/23/09/0177
Row 350 PICK/BAD/KP/23/09/0488
Row 351 PICK/BAD/KP/23/09/0487
Row 352 PICK/BAD/KP/23/09/0486
Row 353 PICK/BAD/KP/23/09/0485
Row 354 PICK/BAD/KP/23/09/0484
Row 355 PICK/BAD/KP/23/09/0483
Row 356 PICK/BAD/KP/23/09/0482
Row 357 PICK/BAD/KP/23/09/0481
Row 358 PICK/CAS/KP/23/09/0176
Row 359 PICK/BAD/KP/23/09/0480
Row 360 PICK/BAD/KP/23/09/0479
Row 361 PICK/CAS/KP/23/09/0175
Row 362 PICK/BAD/KP/23/09/0478
Row 363 PICK/CAS/KP/23/09/0174
Row 364 PICK/BAD/KP/23/09/0477
Row 365 PICK/BAD/KP/23/09/0476
Row 366 PICK/BAD/KP/23/09/0475
Row 367 PICK/BAD/KP/23/09/0474
Row 368 PICK/BAD/KP/23/09/0473
Row 369 PICK/CAS/KP/23/09/0173
Row 370 PICK/CAS/KP/23/09/0172
Row 371 PICK/CAS/KP/23/09/0171
Row 372 PICK/CAS/KP/23/09/0170
Row 373 PICK/CAS/KP/23/09/0169
Row 374 PICK/CAS/KP/23/09/0168
Row 375 PICK/BAD/KP/23/09/0472
Row 376 PICK/BAD/KP/23/09/0471
Row 377 PICK/BAD/KP/23/09/0470
Row 378 PICK/BAD/KP/23/09/0469
Row 379 PICK/BAD/KP/23/09/0468
Row 380 PICK/BAD/KP/23/09/0467
Row 381 PICK/CAS/KP/23/09/0167
Row 382 PICK/CAS/KP/23/09/0166
Row 383 PICK/BAD/KP/23/09/0466
Row 384 PICK/BAD/KP/23/09/0465
Row 385 PICK/BAD/KP/23/09/0464
Row 386 PICK/BAD/KP/23/09/0463
Row 387 PICK/BAD/KP/23/09/0462
Row 388 PICK/BAD/KP/23/09/0461
Row 389 PICK/BAD/KP/23/09/0460
Row 390 PICK/BAD/KP/23/09/0459
Row 391 PICK/BAD/KP/23/09/0458
Row 392 PICK/BAD/KP/23/09/0457
Row 393 PICK/CAS/KP/23/09/0165
Row 394 PICK/CAS/KP/23/09/0164
Row 395 PICK/CAS/KP/23/09/0163
Row 396 PICK/CAS/KP/23/09/0162
Row 397 PICK/BAD/KP/23/09/0456
Row 398 PICK/BAD/KP/23/09/0455
Row 399 PICK/BAD/KP/23/09/0454
Row 400 PICK/BAD/KP/23/09/0453
Row 401 PICK/BAD/KP/23/09/0452
Row 402 PICK/BAD/KP/23/09/0451
Row 403 PICK/BAD/KP/23/09/0450
Row 404 PICK/BAD/KP/23/09/0449
Row 405 PICK/CAS/KP/23/09/0161
Row 406 PICK/CAS/KP/23/09/0160
Row 407 PICK/BAD/KP/23/09/0448
Row 408 PICK/BAD/KP/23/09/0447
Row 409 PICK/BAD/KP/23/09/0446
Row 410 PICK/BAD/KP/23/09/0445
Row 411 PICK/BAD/KP/23/09/0444
Row 412 PICK/CAS/KP/23/09/0159
Row 413 PICK/CAS/KP/23/09/0158
Row 414 PICK/CAS/KP/23/09/0157
Row 415 PICK/BAD/KP/23/09/0443
Row 416 PICK/BAD/KP/23/09/0442
Row 417 PICK/BAD/KP/23/09/0441
Row 418 PICK/BAD/KP/23/09/0440
Row 419 PICK/BAD/KP/23/09/0439
Row 420 PICK/BAD/KP/23/09/0438
Row 421 PICK/CAS/KP/23/09/0156
Row 422 PICK/BAD/KP/23/09/0437
Row 423 PICK/BAD/KP/23/09/0436
Row 424 PICK/BAD/KP/23/09/0435
Row 425 PICK/BAD/KP/23/09/0434
Row 426 PICK/BAD/KP/23/09/0433
Row 427 PICK/BAD/KP/23/09/0432
Row 428 PICK/BAD/KP/23/09/0431
Row 429 PICK/BAD/KP/23/09/0430
Row 430 PICK/BAD/KP/23/09/0429
Row 431 PICK/BAD/KP/23/09/0428
Row 432 PICK/CAS/KP/23/09/0155
Row 433 PICK/CAS/KP/23/09/0154
Row 434 PICK/CAS/KP/23/09/0153
Row 435 PICK/BAD/KP/23/09/0427
Row 436 PICK/BAD/KP/23/09/0426
Row 437 PICK/BAD/KP/23/09/0425
Row 438 PICK/BAD/KP/23/09/0424
Row 439 PICK/BAD/KP/23/09/0423
Row 440 PICK/BAD/KP/23/09/0422
Row 441 PICK/BAD/KP/23/09/0421
Row 442 PICK/BAD/KP/23/09/0420
Row 443 PICK/BAD/KP/23/09/0419
Row 444 PICK/BAD/KP/23/09/0418
Row 445 PICK/BAD/KP/23/09/0417
Row 446 PICK/BAD/KP/23/09/0416
Row 447 PICK/BAD/KP/23/09/0415
Row 448 PICK/CAS/KP/23/09/0152
Row 449 PICK/BAD/KP/23/09/0414
Row 450 PICK/BAD/KP/23/09/0413
Row 451 PICK/BAD/KP/23/09/0412
Row 452 PICK/CAS/KP/23/09/0151
Row 453 PICK/CAS/KP/23/09/0150
Row 454 PICK/CAS/KP/23/09/0149
Row 455 PICK/CAS/KP/23/09/0148
Row 456 PICK/CAS/KP/23/09/0147
Row 457 PICK/BAD/KP/23/09/0411
Row 458 PICK/BAD/KP/23/09/0410
Row 459 PICK/BAD/KP/23/09/0409
Row 460 PICK/BAD/KP/23/09/0408
Row 461 PICK/BAD/KP/23/09/0407
Row 462 PICK/BAD/KP/23/09/0406
Row 463 PICK/BAD/KP/23/09/0405
Row 464 PICK/BAD/KP/23/09/0404
Row 465 PICK/BAD/KP/23/09/0403
Row 466 PICK/BAD/KP/23/09/0402
Row 467 PICK/BAD/KP/23/09/0401
Row 468 PICK/CAS/KP/23/09/0146
Row 469 PICK/CAS/KP/23/09/0145
Row 470 PICK/CAS/KP/23/09/0144
Row 471 PICK/CAS/KP/23/09/0143
Row 472 PICK/CAS/KP/23/09/0142
Row 473 PICK/BAD/KP/23/09/0400
Row 474 PICK/BAD/KP/23/09/0399
Row 475 PICK/BAD/KP/23/09/0398
Row 476 PICK/BAD/KP/23/09/0397
Row 477 PICK/BAD/KP/23/09/0396
Row 478 PICK/BAD/KP/23/09/0395
Row 479 PICK/BAD/KP/23/09/0394
Row 480 PICK/BAD/KP/23/09/0393
Row 481 PICK/BAD/KP/23/09/0392
Row 482 PICK/BAD/KP/23/09/0391
Row 483 PICK/BAD/KP/23/09/0390
Row 484 PICK/BAD/KP/23/09/0389
Row 485 PICK/BAD/KP/23/09/0388
Row 486 PICK/BAD/KP/23/09/0387
Row 487 PICK/BAD/KP/23/09/0386
Row 488 PICK/BAD/KP/23/09/0385
Row 489 PICK/BAD/KP/23/09/0384
Row 490 PICK/BAD/KP/23/09/0383
Row 491 PICK/BAD/KP/23/09/0382
Row 492 PICK/BAD/KP/23/09/0381
Row 493 PICK/BAD/KP/23/09/0380
Row 494 PICK/BAD/KP/23/09/0379
Row 495 PICK/BAD/KP/23/09/0378
Row 496 PICK/BAD/KP/23/09/0377
Row 497 PICK/CAS/KP/23/09/0141
Row 498 PICK/CAS/KP/23/09/0140
Row 499 PICK/BAD/KP/23/09/0376
Row 500 PICK/BAD/KP/23/09/0375
Row 501 PICK/BAD/KP/23/09/0374
Row 502 PICK/BAD/KP/23/09/0373
Row 503 PICK/BAD/KP/23/09/0372
Row 504 PICK/BAD/KP/23/09/0371
Row 505 PICK/BAD/KP/23/09/0370
Row 506 PICK/BAD/KP/23/09/0369
Row 507 PICK/CAS/KP/23/09/0139
Row 508 PICK/CAS/KP/23/09/0138
Row 509 PICK/CAS/KP/23/09/0137
Row 510 PICK/BAD/KP/23/09/0368
Row 511 PICK/BAD/KP/23/09/0367
Row 512 PICK/CAS/KP/23/09/0136
Row 513 PICK/CAS/KP/23/09/0135
Row 514 PICK/BAD/KP/23/09/0366
Row 515 PICK/BAD/KP/23/09/0365
Row 516 PICK/BAD/KP/23/09/0364
Row 517 PICK/BAD/KP/23/09/0363
Row 518 PICK/BAD/KP/23/09/0362
Row 519 PICK/BAD/KP/23/09/0361
Row 520 PICK/BAD/KP/23/09/0360
Row 521 PICK/CAS/KP/23/09/0134
Row 522 PICK/CAS/KP/23/09/0133
Row 523 PICK/CAS/KP/23/09/0132
Row 524 PICK/CAS/KP/23/09/0131
Row 525 PICK/CAS/KP/23/09/0130
Row 526 PICK/CAS/KP/23/09/0129
Row 527 PICK/CAS/KP/23/09/0128
Row 528 PICK/CAS/KP/23/09/0127
Row 529 PICK/BAD/KP/23/09/0359
Row 530 PICK/BAD/KP/23/09/0358
Row 531 PICK/BAD/KP/23/09/0357
Row 532 PICK/BAD/KP/23/09/0356
Row 533 PICK/CAS/KP/23/09/0126
Row 534 PICK/CAS/KP/23/09/0125
Row 535 PICK/CAS/KP/23/09/0124
Row 536 PICK/BAD/KP/23/09/0355
Row 537 PICK/BAD/KP/23/09/0354
Row 538 PICK/BAD/KP/23/09/0353
Row 539 PICK/BAD/KP/23/09/0352
Row 540 PICK/BAD/KP/23/09/0351
Row 541 PICK/BAD/KP/23/09/0350
Row 542 PICK/BAD/KP/23/09/0349
Row 543 PICK/BAD/KP/23/09/0348
Row 544 PICK/BAD/KP/23/09/0347
Row 545 PICK/BAD/KP/23/09/0346
Row 546 PICK/CAS/KP/23/09/0123
Row 547 PICK/CAS/KP/23/09/0122
Row 548 PICK/BAD/KP/23/09/0345
Row 549 PICK/BAD/KP/23/09/0344
Row 550 PICK/BAD/KP/23/09/0343
Row 551 PICK/BAD/KP/23/09/0342
Row 552 PICK/BAD/KP/23/09/0341
Row 553 PICK/BAD/KP/23/09/0340
Row 554 PICK/BAD/KP/23/09/0339
Row 555 PICK/CAS/KP/23/09/0121
Row 556 PICK/CAS/KP/23/09/0120
Row 557 PICK/CAS/KP/23/09/0119
Row 558 PICK/BAD/KP/23/09/0338
Row 559 PICK/BAD/KP/23/09/0337
Row 560 PICK/BAD/KP/23/09/0336
Row 561 PICK/BAD/KP/23/09/0335
Row 562 PICK/BAD/KP/23/09/0334
Row 563 PICK/BAD/KP/23/09/0333
Row 564 PICK/BAD/KP/23/09/0332
Row 565 PICK/BAD/KP/23/09/0331
Row 566 PICK/BAD/KP/23/09/0330
Row 567 PICK/BAD/KP/23/09/0329
Row 568 PICK/BAD/KP/23/09/0328
Row 569 PICK/BAD/KP/23/09/0327
Row 570 PICK/BAD/KP/23/09/0326
Row 571 PICK/BAD/KP/23/09/0325
Row 572 PICK/BAD/KP/23/09/0324
Row 573 PICK/CAS/KP/23/09/0118
Row 574 PICK/CAS/KP/23/09/0117
Row 575 PICK/CAS/KP/23/09/0116
Row 576 PICK/CAS/KP/23/09/0115
Row 577 PICK/CAS/KP/23/09/0114
Row 578 PICK/CAS/KP/23/09/0113
Row 579 PICK/BAD/KP/23/09/0323
Row 580 PICK/BAD/KP/23/09/0322
Row 581 PICK/BAD/KP/23/09/0321
Row 582 PICK/BAD/KP/23/09/0320
Row 583 PICK/BAD/KP/23/09/0319
Row 584 PICK/BAD/KP/23/09/0318
Row 585 PICK/BAD/KP/23/09/0317
Row 586 PICK/BAD/KP/23/09/0316
Row 587 PICK/CAS/KP/23/09/0112
Row 588 PICK/BAD/KP/23/09/0315
Row 589 PICK/BAD/KP/23/09/0314
Row 590 PICK/BAD/KP/23/09/0313
Row 591 PICK/BAD/KP/23/09/0312
Row 592 PICK/BAD/KP/23/09/0311
Row 593 PICK/BAD/KP/23/09/0310
Row 594 PICK/BAD/KP/23/09/0309
Row 595 PICK/BAD/KP/23/09/0308
Row 596 PICK/BAD/KP/23/09/0307
Row 597 PICK/BAD/KP/23/09/0306
Row 598 PICK/CAS/KP/23/09/0111
Row 599 PICK/CAS/KP/23/09/0110
Row 600 PICK/CAS/KP/23/09/0109
Row 601 PICK/CAS/KP/23/09/0108
Row 602 PICK/CAS/KP/23/09/0107
Row 603 PICK/BAD/KP/23/09/0305
Row 604 PICK/BAD/KP/23/09/0304
Row 605 PICK/BAD/KP/23/09/0303
Row 606 PICK/BAD/KP/23/09/0302
Row 607 PICK/CAS/KP/23/09/0106
Row 608 PICK/BAD/KP/23/09/0301
Row 609 PICK/BAD/KP/23/09/0300
Row 610 PICK/BAD/KP/23/09/0299
Row 611 PICK/BAD/KP/23/09/0298
Row 612 PICK/BAD/KP/23/09/0297
Row 613 PICK/BAD/KP/23/09/0296
Row 614 PICK/BAD/KP/23/09/0295
Row 615 PICK/CAS/KP/23/09/0105
Row 616 PICK/CAS/KP/23/09/0104
Row 617 PICK/CAS/KP/23/09/0103
Row 618 PICK/CAS/KP/23/09/0102
Row 619 PICK/CAS/KP/23/09/0101
Row 620 PICK/BAD/KP/23/09/0294
Row 621 PICK/BAD/KP/23/09/0293
Row 622 PICK/BAD/KP/23/09/0292
Row 623 PICK/BAD/KP/23/09/0291
Row 624 PICK/BAD/KP/23/09/0290
Row 625 PICK/BAD/KP/23/09/0289
Row 626 PICK/BAD/KP/23/09/0288
Row 627 PICK/BAD/KP/23/09/0287
Row 628 PICK/BAD/KP/23/09/0286
Row 629 PICK/BAD/KP/23/09/0285
Row 630 PICK/BAD/KP/23/09/0284
Row 631 PICK/BAD/KP/23/09/0283
Row 632 PICK/BAD/KP/23/09/0282
Row 633 PICK/BAD/KP/23/09/0281
Row 634 PICK/BAD/KP/23/09/0280
Row 635 PICK/BAD/KP/23/09/0279
Row 636 PICK/BAD/KP/23/09/0278
Row 637 PICK/BAD/KP/23/09/0277
Row 638 PICK/BAD/KP/23/09/0276
Row 639 PICK/CAS/KP/23/09/0100
Row 640 PICK/CAS/KP/23/09/0099
Row 641 PICK/BAD/KP/23/09/0275
Row 642 PICK/BAD/KP/23/09/0274
Row 643 PICK/BAD/KP/23/09/0273
Row 644 PICK/BAD/KP/23/09/0272
Row 645 PICK/BAD/KP/23/09/0271
Row 646 PICK/BAD/KP/23/09/0270
Row 647 PICK/CAS/KP/23/09/0098
Row 648 PICK/BAD/KP/23/09/0269
Row 649 PICK/BAD/KP/23/09/0268
Row 650 PICK/BAD/KP/23/09/0267
Row 651 PICK/BAD/KP/23/09/0266
Row 652 PICK/CAS/KP/23/09/0097
Row 653 PICK/BAD/KP/23/09/0265
Row 654 PICK/BAD/KP/23/09/0264
Row 655 PICK/BAD/KP/23/09/0263
Row 656 PICK/BAD/KP/23/09/0262
Row 657 PICK/BAD/KP/23/09/0261
Row 658 PICK/CAS/KP/23/09/0096
Row 659 PICK/CAS/KP/23/09/0095
Row 660 PICK/CAS/KP/23/09/0094
Row 661 PICK/CAS/KP/23/09/0093
Row 662 PICK/CAS/KP/23/09/0092
Row 663 PICK/CAS/KP/23/09/0091
Row 664 PICK/CAS/KP/23/09/0090
Row 665 PICK/CAS/KP/23/09/0089
Row 666 PICK/CAS/KP/23/09/0088
Row 667 PICK/BAD/KP/23/09/0260
Row 668 PICK/BAD/KP/23/09/0259
Row 669 PICK/BAD/KP/23/09/0258
Row 670 PICK/BAD/KP/23/09/0257
Row 671 PICK/BAD/KP/23/09/0256
Row 672 PICK/CAS/KP/23/09/0087
Row 673 PICK/CAS/KP/23/09/0086
Row 674 PICK/CAS/KP/23/09/0085
Row 675 PICK/BAD/KP/23/09/0255
Row 676 PICK/BAD/KP/23/09/0254
Row 677 PICK/BAD/KP/23/09/0253
Row 678 PICK/BAD/KP/23/09/0252
Row 679 PICK/BAD/KP/23/09/0251
Row 680 PICK/BAD/KP/23/09/0250
Row 681 PICK/BAD/KP/23/09/0249
Row 682 PICK/BAD/KP/23/09/0248
Row 683 PICK/BAD/KP/23/09/0247
Row 684 PICK/BAD/KP/23/09/0246
Row 685 PICK/BAD/KP/23/09/0245
Row 686 PICK/BAD/KP/23/09/0244
Row 687 PICK/BAD/KP/23/09/0243
Row 688 PICK/BAD/KP/23/09/0242
Row 689 PICK/BAD/KP/23/09/0241
Row 690 PICK/BAD/KP/23/09/0240
Row 691 PICK/CAS/KP/23/09/0084
Row 692 PICK/BAD/KP/23/09/0239
Row 693 PICK/CAS/KP/23/09/0083
Row 694 PICK/BAD/KP/23/09/0238
Row 695 PICK/BAD/KP/23/09/0237
Row 696 PICK/CAS/KP/23/09/0082
Row 697 PICK/CAS/KP/23/09/0081
Row 698 PICK/BAD/KP/23/09/0236
Row 699 PICK/BAD/KP/23/09/0235
Row 700 PICK/BAD/KP/23/09/0234
Row 701 PICK/BAD/KP/23/09/0233
Row 702 PICK/BAD/KP/23/09/0232
Row 703 PICK/BAD/KP/23/09/0231
Row 704 PICK/BAD/KP/23/09/0230
Row 705 PICK/BAD/KP/23/09/0229
Row 706 PICK/CAS/KP/23/09/0080
Row 707 PICK/BAD/KP/23/09/0228
Row 708 PICK/BAD/KP/23/09/0227
Row 709 PICK/BAD/KP/23/09/0226
Row 710 PICK/BAD/KP/23/09/0225
Row 711 PICK/BAD/KP/23/09/0224
Row 712 PICK/BAD/KP/23/09/0223
Row 713 PICK/BAD/KP/23/09/0222
Row 714 PICK/BAD/KP/23/09/0221
Row 715 PICK/BAD/KP/23/09/0220
Row 716 PICK/BAD/KP/23/09/0219
Row 717 PICK/BAD/KP/23/09/0218
Row 718 PICK/BAD/KP/23/09/0217
Row 719 PICK/BAD/KP/23/09/0216
Row 720 PICK/BAD/KP/23/09/0215
Row 721 PICK/BAD/KP/23/09/0214
Row 722 PICK/BAD/KP/23/09/0213
Row 723 PICK/CAS/KP/23/09/0079
Row 724 PICK/CAS/KP/23/09/0078
Row 725 PICK/CAS/KP/23/09/0077
Row 726 PICK/CAS/KP/23/09/0076
Row 727 PICK/CAS/KP/23/09/0075
Row 728 PICK/CAS/KP/23/09/0074
Row 729 PICK/CAS/KP/23/09/0073
Row 730 PICK/CAS/KP/23/09/0072
Row 731 PICK/CAS/KP/23/09/0071
Row 732 PICK/CAS/KP/23/09/0070
Row 733 PICK/CAS/KP/23/09/0069
Row 734 PICK/CAS/KP/23/09/0068
Row 735 PICK/CAS/KP/23/09/0067
Row 736 PICK/CAS/KP/23/09/0066
Row 737 PICK/BAD/KP/23/09/0212
Row 738 PICK/BAD/KP/23/09/0211
Row 739 PICK/BAD/KP/23/09/0210
Row 740 PICK/BAD/KP/23/09/0209
Row 741 PICK/BAD/KP/23/09/0208
Row 742 PICK/BAD/KP/23/09/0207
Row 743 PICK/BAD/KP/23/09/0206
Row 744 PICK/BAD/KP/23/09/0205
Row 745 PICK/BAD/KP/23/09/0204
Row 746 PICK/BAD/KP/23/09/0203
Row 747 PICK/BAD/KP/23/09/0202
Row 748 PICK/BAD/KP/23/09/0201
Row 749 PICK/BAD/KP/23/09/0200
Row 750 PICK/BAD/KP/23/09/0199
Row 751 PICK/BAD/KP/23/09/0198
Row 752 PICK/BAD/KP/23/09/0197
Row 753 PICK/BAD/KP/23/09/0196
Row 754 PICK/BAD/KP/23/09/0195
Row 755 PICK/BAD/KP/23/09/0194
Row 756 PICK/BAD/KP/23/09/0193
Row 757 PICK/BAD/KP/23/09/0192
Row 758 PICK/BAD/KP/23/09/0191
Row 759 PICK/BAD/KP/23/09/0190
Row 760 PICK/BAD/KP/23/09/0189
Row 761 PICK/BAD/KP/23/09/0188
Row 762 PICK/BAD/KP/23/09/0187
Row 763 PICK/BAD/KP/23/09/0186
Row 764 PICK/BAD/KP/23/09/0185
Row 765 PICK/BAD/KP/23/09/0184
Row 766 PICK/BAD/KP/23/09/0183
Row 767 PICK/CAS/KP/23/09/0065
Row 768 PICK/CAS/KP/23/09/0064
Row 769 PICK/CAS/KP/23/09/0063
Row 770 PICK/CAS/KP/23/09/0062
Row 771 PICK/BAD/KP/23/09/0182
Row 772 PICK/BAD/KP/23/09/0181
Row 773 PICK/BAD/KP/23/09/0180
Row 774 PICK/BAD/KP/23/09/0179
Row 775 PICK/BAD/KP/23/09/0178
Row 776 PICK/BAD/KP/23/09/0177
Row 777 PICK/BAD/KP/23/09/0176
Row 778 PICK/CAS/KP/23/09/0061
Row 779 PICK/CAS/KP/23/09/0060
Row 780 PICK/CAS/KP/23/09/0059
Row 781 PICK/CAS/KP/23/09/0058
Row 782 PICK/BAD/KP/23/09/0175
Row 783 PICK/BAD/KP/23/09/0174
Row 784 PICK/BAD/KP/23/09/0173
Row 785 PICK/BAD/KP/23/09/0172
Row 786 PICK/BAD/KP/23/09/0171
Row 787 PICK/BAD/KP/23/09/0170
Row 788 PICK/BAD/KP/23/09/0169
Row 789 PICK/BAD/KP/23/09/0168
Row 790 PICK/BAD/KP/23/09/0167
Row 791 PICK/BAD/KP/23/09/0166
Row 792 PICK/BAD/KP/23/09/0165
Row 793 PICK/BAD/KP/23/09/0164
Row 794 PICK/BAD/KP/23/09/0163
Row 795 PICK/CAS/KP/23/09/0057
Row 796 PICK/CAS/KP/23/09/0056
Row 797 PICK/CAS/KP/23/09/0055
Row 798 PICK/BAD/KP/23/09/0162
Row 799 PICK/BAD/KP/23/09/0161
Row 800 PICK/BAD/KP/23/09/0160
Row 801 PICK/BAD/KP/23/09/0159
Row 802 PICK/BAD/KP/23/09/0158
Row 803 PICK/BAD/KP/23/09/0157
Row 804 PICK/BAD/KP/23/09/0156
Row 805 PICK/CAS/KP/23/09/0054
Row 806 PICK/CAS/KP/23/09/0053
Row 807 PICK/BAD/KP/23/09/0155
Row 808 PICK/BAD/KP/23/09/0154
Row 809 PICK/BAD/KP/23/09/0153
Row 810 PICK/BAD/KP/23/09/0152
Row 811 PICK/BAD/KP/23/09/0151
Row 812 PICK/BAD/KP/23/09/0150
Row 813 PICK/CAS/KP/23/09/0052
Row 814 PICK/BAD/KP/23/09/0149
Row 815 PICK/BAD/KP/23/09/0148
Row 816 PICK/CAS/KP/23/09/0051
Row 817 PICK/CAS/KP/23/09/0050
Row 818 PICK/CAS/KP/23/09/0049
Row 819 PICK/BAD/KP/23/09/0147
Row 820 PICK/BAD/KP/23/09/0146
Row 821 PICK/BAD/KP/23/09/0145
Row 822 PICK/BAD/KP/23/09/0144
Row 823 PICK/BAD/KP/23/09/0143
Row 824 PICK/BAD/KP/23/09/0142
Row 825 PICK/CAS/KP/23/09/0048
Row 826 PICK/BAD/KP/23/09/0141
Row 827 PICK/BAD/KP/23/09/0140
Row 828 PICK/BAD/KP/23/09/0139
Row 829 PICK/BAD/KP/23/09/0138
Row 830 PICK/BAD/KP/23/09/0137
Row 831 PICK/BAD/KP/23/09/0136
Row 832 PICK/BAD/KP/23/09/0135
Row 833 PICK/BAD/KP/23/09/0134
Row 834 PICK/BAD/KP/23/09/0133
Row 835 PICK/BAD/KP/23/09/0132
Row 836 PICK/BAD/KP/23/09/0131
Row 837 PICK/BAD/KP/23/09/0130
Row 838 PICK/BAD/KP/23/09/0129
Row 839 PICK/BAD/KP/23/09/0128
Row 840 PICK/BAD/KP/23/09/0127
Row 841 PICK/BAD/KP/23/09/0126
Row 842 PICK/BAD/KP/23/09/0125
Row 843 PICK/BAD/KP/23/09/0124
Row 844 PICK/BAD/KP/23/09/0123
Row 845 PICK/BAD/KP/23/09/0122
Row 846 PICK/CAS/KP/23/09/0047
Row 847 PICK/CAS/KP/23/09/0046
Row 848 PICK/BAD/KP/23/09/0121
Row 849 PICK/BAD/KP/23/09/0120
Row 850 PICK/BAD/KP/23/09/0119
Row 851 PICK/BAD/KP/23/09/0118
Row 852 PICK/BAD/KP/23/09/0117
Row 853 PICK/BAD/KP/23/09/0116
Row 854 PICK/BAD/KP/23/09/0115
Row 855 PICK/BAD/KP/23/09/0114
Row 856 PICK/BAD/KP/23/09/0113
Row 857 PICK/BAD/KP/23/09/0112
Row 858 PICK/BAD/KP/23/09/0111
Row 859 PICK/BAD/KP/23/09/0110
Row 860 PICK/BAD/KP/23/09/0109
Row 861 PICK/CAS/KP/23/09/0045
Row 862 PICK/CAS/KP/23/09/0044
Row 863 PICK/CAS/KP/23/09/0043
Row 864 PICK/CAS/KP/23/09/0042
Row 865 PICK/CAS/KP/23/09/0041
Row 866 PICK/CAS/KP/23/09/0040
Row 867 PICK/CAS/KP/23/09/0039
Row 868 PICK/CAS/KP/23/09/0038
Row 869 PICK/CAS/KP/23/09/0037
Row 870 PICK/CAS/KP/23/09/0036
Row 871 PICK/BAD/KP/23/09/0108
Row 872 PICK/BAD/KP/23/09/0107
Row 873 PICK/BAD/KP/23/09/0106
Row 874 PICK/BAD/KP/23/09/0105
Row 875 PICK/BAD/KP/23/09/0104
Row 876 PICK/BAD/KP/23/09/0103
Row 877 PICK/BAD/KP/23/09/0102
Row 878 PICK/BAD/KP/23/09/0101
Row 879 PICK/BAD/KP/23/09/0100
Row 880 PICK/BAD/KP/23/09/0099
Row 881 PICK/BAD/KP/23/09/0098
Row 882 PICK/BAD/KP/23/09/0097
Row 883 PICK/BAD/KP/23/09/0096
Row 884 PICK/BAD/KP/23/09/0095
Row 885 PICK/BAD/KP/23/09/0094
Row 886 PICK/BAD/KP/23/09/0093
Row 887 PICK/BAD/KP/23/09/0092
Row 888 PICK/BAD/KP/23/09/0091
Row 889 PICK/BAD/KP/23/09/0090
Row 890 PICK/BAD/KP/23/09/0089
Row 891 PICK/BAD/KP/23/09/0088
Row 892 PICK/CAS/KP/23/09/0035
Row 893 PICK/CAS/KP/23/09/0034
Row 894 PICK/CAS/KP/23/09/0033
Row 895 PICK/CAS/KP/23/09/0032
Row 896 PICK/CAS/KP/23/09/0031
Row 897 PICK/CAS/KP/23/09/0030
Row 898 PICK/CAS/KP/23/09/0029
Row 899 PICK/CAS/KP/23/09/0028
Row 900 PICK/CAS/KP/23/09/0027
Row 901 PICK/CAS/KP/23/09/0026
Row 902 PICK/CAS/KP/23/09/0025
Row 903 PICK/CAS/KP/23/09/0024
Row 904 PICK/CAS/KP/23/09/0023
Row 905 PICK/CAS/KP/23/09/0022
Row 906 PICK/CAS/KP/23/09/0021
Row 907 PICK/CAS/KP/23/09/0020
Row 908 PICK/CAS/KP/23/09/0019
Row 909 PICK/CAS/KP/23/09/0018
Row 910 PICK/CAS/KP/23/09/0017
Row 911 PICK/CAS/KP/23/09/0016
Row 912 PICK/CAS/KP/23/09/0015
Row 913 PICK/CAS/KP/23/09/0014
Row 914 PICK/CAS/KP/23/09/0013
Row 915 PICK/BAD/KP/23/09/0087
Row 916 PICK/BAD/KP/23/09/0086
Row 917 PICK/BAD/KP/23/09/0085
Row 918 PICK/BAD/KP/23/09/0084
Row 919 PICK/BAD/KP/23/09/0083
Row 920 PICK/BAD/KP/23/09/0082
Row 921 PICK/BAD/KP/23/09/0081
Row 922 PICK/BAD/KP/23/09/0080
Row 923 PICK/BAD/KP/23/09/0079
Row 924 PICK/BAD/KP/23/09/0078
Row 925 PICK/BAD/KP/23/09/0077
Row 926 PICK/BAD/KP/23/09/0076
Row 927 PICK/BAD/KP/23/09/0075
Row 928 PICK/BAD/KP/23/09/0074
Row 929 PICK/BAD/KP/23/09/0073
Row 930 PICK/BAD/KP/23/09/0072
Row 931 PICK/BAD/KP/23/09/0071
Row 932 PICK/BAD/KP/23/09/0070
Row 933 PICK/BAD/KP/23/09/0069
Row 934 PICK/BAD/KP/23/09/0068
Row 935 PICK/BAD/KP/23/09/0067
Row 936 PICK/BAD/KP/23/09/0066
Row 937 PICK/BAD/KP/23/09/0065
Row 938 PICK/BAD/KP/23/09/0064
Row 939 PICK/BAD/KP/23/09/0063
Row 940 PICK/BAD/KP/23/09/0062
Row 941 PICK/BAD/KP/23/09/0061
Row 942 PICK/BAD/KP/23/09/0060
Row 943 PICK/BAD/KP/23/09/0059
Row 944 PICK/BAD/KP/23/09/0058
Row 945 PICK/BAD/KP/23/09/0057
Row 946 PICK/BAD/KP/23/09/0056
Row 947 PICK/BAD/KP/23/09/0055
Row 948 PICK/BAD/KP/23/09/0054
Row 949 PICK/BAD/KP/23/09/0053
Row 950 PICK/BAD/KP/23/09/0052
Row 951 PICK/BAD/KP/23/09/0051
Row 952 PICK/BAD/KP/23/09/0050
Row 953 PICK/BAD/KP/23/09/0049
Row 954 PICK/BAD/KP/23/09/0048
Row 955 PICK/BAD/KP/23/09/0047
Row 956 PICK/BAD/KP/23/09/0046
Row 957 PICK/BAD/KP/23/09/0045
Row 958 PICK/BAD/KP/23/09/0044
Row 959 PICK/BAD/KP/23/09/0043
Row 960 PICK/BAD/KP/23/09/0042
Row 961 PICK/BAD/KP/23/09/0041
Row 962 PICK/BAD/KP/23/09/0040
Row 963 PICK/BAD/KP/23/09/0039
Row 964 PICK/BAD/KP/23/09/0038
Row 965 PICK/BAD/KP/23/09/0037
Row 966 PICK/BAD/KP/23/09/0036
Row 967 PICK/BAD/KP/23/09/0035
Row 968 PICK/BAD/KP/23/09/0034
Row 969 PICK/BAD/KP/23/09/0033
Row 970 PICK/BAD/KP/23/09/0032
Row 971 PICK/BAD/KP/23/09/0031
Row 972 PICK/BAD/KP/23/09/0030
Row 973 PICK/BAD/KP/23/09/0029
Row 974 PICK/BAD/KP/23/09/0028
Row 975 PICK/BAD/KP/23/09/0027
Row 976 PICK/BAD/KP/23/09/0026
Row 977 PICK/BAD/KP/23/09/0025
Row 978 PICK/BAD/KP/23/09/0024
Row 979 PICK/BAD/KP/23/09/0023
Row 980 PICK/BAD/KP/23/09/0022
Row 981 PICK/CAS/KP/23/09/0012
Row 982 PICK/BAD/KP/23/09/0021
Row 983 PICK/CAS/KP/23/09/0011
Row 984 PICK/CAS/KP/23/09/0010
Row 985 PICK/CAS/KP/23/09/0009
Row 986 PICK/CAS/KP/23/09/0008
Row 987 PICK/CAS/KP/23/09/0007
Row 988 PICK/CAS/KP/23/09/0006
Row 989 PICK/CAS/KP/23/09/0005
Row 990 PICK/CAS/KP/23/09/0004
Row 991 PICK/CAS/KP/23/09/0003
Row 992 PICK/CAS/KP/23/09/0002
Row 993 PICK/CAS/KP/23/09/0001
Row 994 PICK/BAD/KP/23/09/0020
Row 995 PICK/BAD/KP/23/09/0019
Row 996 PICK/BAD/KP/23/09/0018
Row 997 PICK/BAD/KP/23/09/0017
Row 998 PICK/BAD/KP/23/09/0016
Row 999 PICK/BAD/KP/23/09/0015
Row 1000 PICK/BAD/KP/23/09/0014
Row 1001 PICK/BAD/KP/23/09/0013
Row 1002 PICK/BAD/KP/23/09/0012
Row 1003 PICK/BAD/KP/23/09/0011
Row 1004 PICK/BAD/KP/23/09/0010
Row 1005 PICK/BAD/KP/23/09/0009
Row 1006 PICK/BAD/KP/23/09/0008
Row 1007 PICK/BAD/KP/23/09/0007
Row 1008 PICK/BAD/KP/23/09/0006
Row 1009 PICK/BAD/KP/23/09/0005
Row 1010 PICK/BAD/KP/23/09/0004
Row 1011 PICK/BAD/KP/23/09/0003
Row 1012 PICK/BAD/KP/23/09/0002
Row 1013 PICK/BAD/KP/23/09/0001
Files Names Monitoring Picklist-50-20230919_162907.xlsx
-------------------------------EOF-------------------------------
