Module ModSsoClosedXML
Proses pbuCreateXlsx_MonitoringPickList1
Process Start      : 09 Oct 2023 13:55:42


vnQuery
	SELECT [CompanyCode],[WarehouseName],[Order Status] vOrderStatus,[Ref No] vRefNo	
	      ,[TANGGAL],[Priority] ,[DO Titip] vDoTitip	
	      ,[KODE_CUST],[CUSTOMER],[uploadDatetime]	
	  ,[Picklist No] vPicklistNo,[Picklist Date] vPickListDate,[PL Created by]vPLCreate,[PreparedDatetime],[PL Status]	
	  ,[Picking No],[Picking Created Date] vPickingCreate,[Picking Done] vPickingDone	
	  ,[Dispatch/Putaway No] vDispatchNo,[Confirm Dispatch/Putaway Date] vDispatchConfirm,[Driver Confirm Date] vDriverConfirm	
	      ,[Driver Name] vDriverName,[Driver Return Time] vDriverReturn	
	  FROM Delivery_Monitoring.dbo.vOrderTracing PM
Where 1=1

Order by TANGGAL Desc

09/10/2023 1:55:42 PM
Jumlah Data = 2021

Proses : Persiapan Membuat File Xlsx...

Proses : Creating Excel Workbook...

Proses : Creating Excel Worksheet...

Proses : Mempersiapkan Header Report...

Proses : Mempersiapkan Column Header dan Column Format...
Proses : Mengisi Data...
Row 0 KEPU
Row 1 KEPU
Row 2 KEPU
Row 3 KEPU
Row 4 KEPU
Row 5 KEPU
Row 6 KEPU
Row 7 KEPU
Row 8 KEPU
Row 9 KEPU
Row 10 KEPU
Row 11 KEPU
Row 12 KEPU
Row 13 KEPU
Row 14 KEPU
Row 15 KEPU
Row 16 KEPU
Row 17 KEPU
Row 18 KEPU
Row 19 KEPU
Row 20 KEPU
Row 21 KEPU
Row 22 KEPU
Row 23 KEPU
Row 24 KEPU
Row 25 KEPU
Row 26 KEPU
Row 27 KEPU
Row 28 PRANCIS 2
Row 29 PRANCIS 2
Row 30 PRANCIS 2
Row 31 PRANCIS 2
Row 32 PRANCIS 2
Row 33 PRANCIS 2
Row 34 PRANCIS 2
Row 35 PRANCIS 2
Row 36 PRANCIS 2
Row 37 KEPU
Row 38 KEPU
Row 39 KEPU
Row 40 KEPU
Row 41 KEPU
Row 42 KEPU
Row 43 KEPU
Row 44 KEPU
Row 45 KEPU
Row 46 KEPU
Row 47 KEPU
Row 48 KEPU
Row 49 KEPU
Row 50 PRANCIS 2
Row 51 PRANCIS 2
Row 52 KEPU
Row 53 KEPU
Row 54 KEPU
Row 55 KEPU
Row 56 KEPU
Row 57 KEPU
Row 58 KEPU
Row 59 KEPU
Row 60 PRANCIS 2
Row 61 PRANCIS 2
Row 62 KEPU
Row 63 KEPU
Row 64 KEPU
Row 65 KEPU
Row 66 KEPU
Row 67 KEPU
Row 68 KEPU
Row 69 KEPU
Row 70 KEPU
Row 71 KEPU
Row 72 KEPU
Row 73 KEPU
Row 74 KEPU
Row 75 KEPU
Row 76 KEPU
Row 77 KEPU
Row 78 KEPU
Row 79 KEPU
Row 80 KEPU
Row 81 KEPU
Row 82 KEPU
Row 83 PRANCIS
Row 84 PRANCIS
Row 85 PRANCIS
Row 86 PRANCIS
Row 87 PRANCIS 2
Row 88 PRANCIS 2
Row 89 PRANCIS 2
Row 90 PRANCIS 2
Row 91 PRANCIS 2
Row 92 PRANCIS 2
Row 93 PRANCIS 2
Row 94 PRANCIS 2
Row 95 PRANCIS 2
Row 96 PRANCIS 2
Row 97 PRANCIS 2
Row 98 KEPU
Row 99 KEPU
Row 100 KEPU
Row 101 KEPU
Row 102 KEPU
Row 103 KEPU
Row 104 KEPU
Row 105 KEPU
Row 106 KEPU
Row 107 KEPU
Row 108 PRANCIS
Row 109 PRANCIS 2
Row 110 PRANCIS 2
Row 111 PRANCIS 2
Row 112 PRANCIS 2
Row 113 PRANCIS 2
Row 114 PRANCIS 2
Row 115 KEPU
Row 116 KEPU
Row 117 KEPU
Row 118 KEPU
Row 119 KEPU
Row 120 KEPU
Row 121 KEPU
Row 122 KEPU
Row 123 KEPU
Row 124 KEPU
Row 125 KEPU
Row 126 KEPU
Row 127 KEPU
Row 128 KEPU
Row 129 KEPU
Row 130 KEPU
Row 131 KEPU
Row 132 KEPU
Row 133 KEPU
Row 134 KEPU
Row 135 KEPU
Row 136 KEPU
Row 137 KEPU
Row 138 KEPU
Row 139 KEPU
Row 140 KEPU
Row 141 KEPU
Row 142 KEPU
Row 143 PRANCIS
Row 144 PRANCIS
Row 145 PRANCIS
Row 146 PRANCIS
Row 147 PRANCIS
Row 148 PRANCIS 2
Row 149 PRANCIS 2
Row 150 PRANCIS 2
Row 151 PRANCIS 2
Row 152 PRANCIS 2
Row 153 PRANCIS 2
Row 154 KEPU
Row 155 KEPU
Row 156 KEPU
Row 157 KEPU
Row 158 KEPU
Row 159 KEPU
Row 160 KEPU
Row 161 KEPU
Row 162 KEPU
Row 163 KEPU
Row 164 KEPU
Row 165 KEPU
Row 166 KEPU
Row 167 KEPU
Row 168 KEPU
Row 169 KEPU
Row 170 KEPU
Row 171 KEPU
Row 172 KEPU
Row 173 KEPU
Row 174 KEPU
Row 175 KEPU
Row 176 KEPU
Row 177 KEPU
Row 178 KEPU
Row 179 KEPU
Row 180 KEPU
Row 181 KEPU
Row 182 KEPU
Row 183 KEPU
Row 184 KEPU
Row 185 KEPU
Row 186 KEPU
Row 187 KEPU
Row 188 PRANCIS
Row 189 PRANCIS
Row 190 PRANCIS
Row 191 PRANCIS 2
Row 192 PRANCIS 2
Row 193 PRANCIS 2
Row 194 PRANCIS 2
Row 195 PRANCIS 2
Row 196 PRANCIS 2
Row 197 PRANCIS 2
Row 198 PRANCIS 2
Row 199 PRANCIS 2
Row 200 PRANCIS 2
Row 201 KEPU
Row 202 KEPU
Row 203 KEPU
Row 204 KEPU
Row 205 KEPU
Row 206 KEPU
Row 207 KEPU
Row 208 KEPU
Row 209 KEPU
Row 210 KEPU
Row 211 KEPU
Row 212 KEPU
Row 213 KEPU
Row 214 KEPU
Row 215 KEPU
Row 216 KEPU
Row 217 KEPU
Row 218 KEPU
Row 219 KEPU
Row 220 KEPU
Row 221 KEPU
Row 222 KEPU
Row 223 KEPU
Row 224 KEPU
Row 225 KEPU
Row 226 KEPU
Row 227 KEPU
Row 228 KEPU
Row 229 KEPU
Row 230 KEPU
Row 231 KEPU
Row 232 KEPU
Row 233 KEPU
Row 234 KEPU
Row 235 KEPU
Row 236 KEPU
Row 237 KEPU
Row 238 KEPU
Row 239 KEPU
Row 240 KEPU
Row 241 KEPU
Row 242 KEPU
Row 243 KEPU
Row 244 KEPU
Row 245 KEPU
Row 246 KEPU
Row 247 KEPU
Row 248 KEPU
Row 249 KEPU
Row 250 KEPU
Row 251 KEPU
Row 252 KEPU
Row 253 KEPU
Row 254 KEPU
Row 255 KEPU
Row 256 KEPU
Row 257 KEPU
Row 258 KEPU
Row 259 KEPU
Row 260 KEPU
Row 261 KEPU
Row 262 KEPU
Row 263 KEPU
Row 264 KEPU
Row 265 KEPU
Row 266 PRANCIS
Row 267 PRANCIS
Row 268 PRANCIS
Row 269 PRANCIS
Row 270 PRANCIS
Row 271 PRANCIS
Row 272 PRANCIS
Row 273 PRANCIS
Row 274 PRANCIS 2
Row 275 PRANCIS 2
Row 276 PRANCIS 2
Row 277 PRANCIS 2
Row 278 KEPU
Row 279 KEPU
Row 280 KEPU
Row 281 KEPU
Row 282 KEPU
Row 283 KEPU
Row 284 KEPU
Row 285 KEPU
Row 286 KEPU
Row 287 KEPU
Row 288 KEPU
Row 289 KEPU
Row 290 KEPU
Row 291 KEPU
Row 292 PRANCIS 2
Row 293 PRANCIS 2
Row 294 PRANCIS 2
Row 295 PRANCIS 2
Row 296 KEPU
Row 297 KEPU
Row 298 KEPU
Row 299 KEPU
Row 300 KEPU
Row 301 KEPU
Row 302 KEPU
Row 303 KEPU
Row 304 KEPU
Row 305 KEPU
Row 306 KEPU
Row 307 KEPU
Row 308 KEPU
Row 309 KEPU
Row 310 KEPU
Row 311 KEPU
Row 312 KEPU
Row 313 KEPU
Row 314 KEPU
Row 315 KEPU
Row 316 KEPU
Row 317 KEPU
Row 318 KEPU
Row 319 KEPU
Row 320 KEPU
Row 321 KEPU
Row 322 KEPU
Row 323 KEPU
Row 324 PRANCIS
Row 325 PRANCIS
Row 326 PRANCIS 2
Row 327 PRANCIS 2
Row 328 PRANCIS 2
Row 329 PRANCIS 2
Row 330 PRANCIS 2
Row 331 PRANCIS 2
Row 332 KEPU
Row 333 KEPU
Row 334 KEPU
Row 335 KEPU
Row 336 KEPU
Row 337 KEPU
Row 338 KEPU
Row 339 KEPU
Row 340 KEPU
Row 341 KEPU
Row 342 KEPU
Row 343 PRANCIS
Row 344 PRANCIS 2
Row 345 PRANCIS 2
Row 346 PRANCIS 2
Row 347 PRANCIS 2
Row 348 KEPU
Row 349 KEPU
Row 350 KEPU
Row 351 KEPU
Row 352 KEPU
Row 353 KEPU
Row 354 KEPU
Row 355 KEPU
Row 356 KEPU
Row 357 KEPU
Row 358 KEPU
Row 359 KEPU
Row 360 KEPU
Row 361 KEPU
Row 362 KEPU
Row 363 KEPU
Row 364 KEPU
Row 365 KEPU
Row 366 KEPU
Row 367 KEPU
Row 368 PRANCIS
Row 369 PRANCIS
Row 370 PRANCIS
Row 371 PRANCIS
Row 372 PRANCIS
Row 373 PRANCIS
Row 374 PRANCIS
Row 375 PRANCIS
Row 376 PRANCIS
Row 377 PRANCIS
Row 378 PRANCIS
Row 379 PRANCIS
Row 380 PRANCIS
Row 381 PRANCIS
Row 382 KEPU
Row 383 KEPU
Row 384 KEPU
Row 385 KEPU
Row 386 KEPU
Row 387 KEPU
Row 388 KEPU
Row 389 KEPU
Row 390 KEPU
Row 391 KEPU
Row 392 PRANCIS
Row 393 KEPU
Row 394 KEPU
Row 395 KEPU
Row 396 KEPU
Row 397 KEPU
Row 398 KEPU
Row 399 KEPU
Row 400 KEPU
Row 401 KEPU
Row 402 KEPU
Row 403 KEPU
Row 404 KEPU
Row 405 KEPU
Row 406 KEPU
Row 407 KEPU
Row 408 KEPU
Row 409 KEPU
Row 410 KEPU
Row 411 KEPU
Row 412 KEPU
Row 413 KEPU
Row 414 KEPU
Row 415 KEPU
Row 416 KEPU
Row 417 KEPU
Row 418 KEPU
Row 419 KEPU
Row 420 KEPU
Row 421 KEPU
Row 422 KEPU
Row 423 KEPU
Row 424 KEPU
Row 425 KEPU
Row 426 KEPU
Row 427 KEPU
Row 428 KEPU
Row 429 KEPU
Row 430 KEPU
Row 431 KEPU
Row 432 KEPU
Row 433 KEPU
Row 434 KEPU
Row 435 KEPU
Row 436 KEPU
Row 437 KEPU
Row 438 KEPU
Row 439 KEPU
Row 440 KEPU
Row 441 KEPU
Row 442 KEPU
Row 443 KEPU
Row 444 KEPU
Row 445 KEPU
Row 446 KEPU
Row 447 KEPU
Row 448 KEPU
Row 449 KEPU
Row 450 KEPU
Row 451 KEPU
Row 452 KEPU
Row 453 KEPU
Row 454 KEPU
Row 455 KEPU
Row 456 PRANCIS
Row 457 PRANCIS
Row 458 PRANCIS
Row 459 PRANCIS
Row 460 PRANCIS
Row 461 PRANCIS
Row 462 PRANCIS
Row 463 PRANCIS
Row 464 PRANCIS
Row 465 PRANCIS
Row 466 PRANCIS 2
Row 467 PRANCIS 2
Row 468 PRANCIS 2
Row 469 PRANCIS 2
Row 470 PRANCIS 2
Row 471 PRANCIS 2
Row 472 KEPU
Row 473 KEPU
Row 474 KEPU
Row 475 KEPU
Row 476 KEPU
Row 477 KEPU
Row 478 KEPU
Row 479 KEPU
Row 480 KEPU
Row 481 KEPU
Row 482 KEPU
Row 483 KEPU
Row 484 KEPU
Row 485 KEPU
Row 486 KEPU
Row 487 KEPU
Row 488 KEPU
Row 489 KEPU
Row 490 KEPU
Row 491 KEPU
Row 492 KEPU
Row 493 KEPU
Row 494 KEPU
Row 495 KEPU
Row 496 KEPU
Row 497 KEPU
Row 498 KEPU
Row 499 KEPU
Row 500 KEPU
Row 501 PRANCIS 2
Row 502 PRANCIS 2
Row 503 KEPU
Row 504 KEPU
Row 505 KEPU
Row 506 KEPU
Row 507 KEPU
Row 508 KEPU
Row 509 KEPU
Row 510 KEPU
Row 511 KEPU
Row 512 KEPU
Row 513 KEPU
Row 514 KEPU
Row 515 KEPU
Row 516 KEPU
Row 517 KEPU
Row 518 KEPU
Row 519 KEPU
Row 520 KEPU
Row 521 KEPU
Row 522 KEPU
Row 523 KEPU
Row 524 KEPU
Row 525 KEPU
Row 526 KEPU
Row 527 KEPU
Row 528 KEPU
Row 529 KEPU
Row 530 KEPU
Row 531 KEPU
Row 532 KEPU
Row 533 KEPU
Row 534 KEPU
Row 535 KEPU
Row 536 KEPU
Row 537 KEPU
Row 538 PRANCIS
Row 539 PRANCIS
Row 540 PRANCIS
Row 541 PRANCIS
Row 542 PRANCIS
Row 543 PRANCIS
Row 544 PRANCIS
Row 545 PRANCIS
Row 546 PRANCIS
Row 547 PRANCIS
Row 548 PRANCIS 2
Row 549 PRANCIS 2
Row 550 PRANCIS 2
Row 551 PRANCIS 2
Row 552 KEPU
Row 553 KEPU
Row 554 KEPU
Row 555 KEPU
Row 556 KEPU
Row 557 KEPU
Row 558 KEPU
Row 559 KEPU
Row 560 KEPU
Row 561 PRANCIS 2
Row 562 PRANCIS 2
Row 563 KEPU
Row 564 KEPU
Row 565 KEPU
Row 566 KEPU
Row 567 KEPU
Row 568 KEPU
Row 569 KEPU
Row 570 KEPU
Row 571 KEPU
Row 572 KEPU
Row 573 KEPU
Row 574 KEPU
Row 575 KEPU
Row 576 KEPU
Row 577 KEPU
Row 578 KEPU
Row 579 KEPU
Row 580 KEPU
Row 581 KEPU
Row 582 KEPU
Row 583 KEPU
Row 584 KEPU
Row 585 KEPU
Row 586 KEPU
Row 587 KEPU
Row 588 KEPU
Row 589 KEPU
Row 590 KEPU
Row 591 KEPU
Row 592 KEPU
Row 593 KEPU
Row 594 KEPU
Row 595 KEPU
Row 596 KEPU
Row 597 KEPU
Row 598 KEPU
Row 599 KEPU
Row 600 KEPU
Row 601 KEPU
Row 602 KEPU
Row 603 KEPU
Row 604 KEPU
Row 605 KEPU
Row 606 KEPU
Row 607 KEPU
Row 608 KEPU
Row 609 KEPU
Row 610 KEPU
Row 611 KEPU
Row 612 KEPU
Row 613 KEPU
Row 614 KEPU
Row 615 KEPU
Row 616 KEPU
Row 617 KEPU
Row 618 KEPU
Row 619 KEPU
Row 620 KEPU
Row 621 KEPU
Row 622 PRANCIS
Row 623 PRANCIS
Row 624 PRANCIS
Row 625 PRANCIS
Row 626 PRANCIS
Row 627 PRANCIS
Row 628 PRANCIS
Row 629 PRANCIS
Row 630 PRANCIS
Row 631 PRANCIS
Row 632 PRANCIS
Row 633 PRANCIS
Row 634 KEPU
Row 635 KEPU
Row 636 KEPU
Row 637 KEPU
Row 638 KEPU
Row 639 KEPU
Row 640 KEPU
Row 641 KEPU
Row 642 KEPU
Row 643 KEPU
Row 644 KEPU
Row 645 KEPU
Row 646 KEPU
Row 647 KEPU
Row 648 KEPU
Row 649 KEPU
Row 650 PRANCIS
Row 651 PRANCIS
Row 652 PRANCIS
Row 653 PRANCIS
Row 654 KEPU
Row 655 KEPU
Row 656 KEPU
Row 657 KEPU
Row 658 KEPU
Row 659 KEPU
Row 660 KEPU
Row 661 KEPU
Row 662 KEPU
Row 663 KEPU
Row 664 KEPU
Row 665 KEPU
Row 666 KEPU
Row 667 KEPU
Row 668 KEPU
Row 669 KEPU
Row 670 KEPU
Row 671 KEPU
Row 672 KEPU
Row 673 KEPU
Row 674 KEPU
Row 675 KEPU
Row 676 KEPU
Row 677 KEPU
Row 678 KEPU
Row 679 KEPU
Row 680 KEPU
Row 681 KEPU
Row 682 KEPU
Row 683 KEPU
Row 684 KEPU
Row 685 KEPU
Row 686 KEPU
Row 687 KEPU
Row 688 KEPU
Row 689 KEPU
Row 690 KEPU
Row 691 KEPU
Row 692 KEPU
Row 693 KEPU
Row 694 KEPU
Row 695 KEPU
Row 696 KEPU
Row 697 KEPU
Row 698 KEPU
Row 699 KEPU
Row 700 KEPU
Row 701 KEPU
Row 702 KEPU
Row 703 KEPU
Row 704 KEPU
Row 705 KEPU
Row 706 KEPU
Row 707 KEPU
Row 708 KEPU
Row 709 KEPU
Row 710 KEPU
Row 711 KEPU
Row 712 KEPU
Row 713 KEPU
Row 714 KEPU
Row 715 KEPU
Row 716 KEPU
Row 717 KEPU
Row 718 KEPU
Row 719 KEPU
Row 720 KEPU
Row 721 KEPU
Row 722 KEPU
Row 723 KEPU
Row 724 KEPU
Row 725 KEPU
Row 726 KEPU
Row 727 KEPU
Row 728 PRANCIS
Row 729 PRANCIS
Row 730 PRANCIS
Row 731 PRANCIS
Row 732 PRANCIS
Row 733 PRANCIS
Row 734 PRANCIS
Row 735 PRANCIS
Row 736 PRANCIS
Row 737 PRANCIS
Row 738 PRANCIS
Row 739 PRANCIS 2
Row 740 PRANCIS 2
Row 741 KEPU
Row 742 KEPU
Row 743 KEPU
Row 744 KEPU
Row 745 KEPU
Row 746 KEPU
Row 747 KEPU
Row 748 KEPU
Row 749 KEPU
Row 750 KEPU
Row 751 KEPU
Row 752 KEPU
Row 753 KEPU
Row 754 KEPU
Row 755 KEPU
Row 756 KEPU
Row 757 KEPU
Row 758 KEPU
Row 759 KEPU
Row 760 KEPU
Row 761 KEPU
Row 762 PRANCIS
Row 763 PRANCIS
Row 764 PRANCIS 2
Row 765 PRANCIS 2
Row 766 PRANCIS 2
Row 767 PRANCIS 2
Row 768 KEPU
Row 769 KEPU
Row 770 KEPU
Row 771 KEPU
Row 772 KEPU
Row 773 KEPU
Row 774 KEPU
Row 775 KEPU
Row 776 KEPU
Row 777 KEPU
Row 778 KEPU
Row 779 KEPU
Row 780 KEPU
Row 781 KEPU
Row 782 KEPU
Row 783 KEPU
Row 784 KEPU
Row 785 KEPU
Row 786 KEPU
Row 787 KEPU
Row 788 KEPU
Row 789 KEPU
Row 790 KEPU
Row 791 KEPU
Row 792 KEPU
Row 793 KEPU
Row 794 KEPU
Row 795 KEPU
Row 796 KEPU
Row 797 KEPU
Row 798 KEPU
Row 799 KEPU
Row 800 KEPU
Row 801 KEPU
Row 802 KEPU
Row 803 KEPU
Row 804 KEPU
Row 805 KEPU
Row 806 KEPU
Row 807 KEPU
Row 808 KEPU
Row 809 KEPU
Row 810 KEPU
Row 811 KEPU
Row 812 KEPU
Row 813 KEPU
Row 814 KEPU
Row 815 KEPU
Row 816 KEPU
Row 817 KEPU
Row 818 KEPU
Row 819 KEPU
Row 820 PRANCIS
Row 821 PRANCIS
Row 822 PRANCIS
Row 823 PRANCIS
Row 824 PRANCIS
Row 825 PRANCIS
Row 826 PRANCIS 2
Row 827 PRANCIS 2
Row 828 PRANCIS 2
Row 829 PRANCIS 2
Row 830 PRANCIS 2
Row 831 PRANCIS 2
Row 832 PRANCIS 2
Row 833 PRANCIS 2
Row 834 PRANCIS 2
Row 835 PRANCIS 2
Row 836 PRANCIS 2
Row 837 KEPU
Row 838 KEPU
Row 839 KEPU
Row 840 KEPU
Row 841 KEPU
Row 842 KEPU
Row 843 KEPU
Row 844 KEPU
Row 845 KEPU
Row 846 KEPU
Row 847 KEPU
Row 848 KEPU
Row 849 KEPU
Row 850 KEPU
Row 851 KEPU
Row 852 KEPU
Row 853 KEPU
Row 854 KEPU
Row 855 KEPU
Row 856 KEPU
Row 857 KEPU
Row 858 KEPU
Row 859 KEPU
Row 860 KEPU
Row 861 KEPU
Row 862 KEPU
Row 863 KEPU
Row 864 KEPU
Row 865 KEPU
Row 866 KEPU
Row 867 KEPU
Row 868 KEPU
Row 869 KEPU
Row 870 KEPU
Row 871 KEPU
Row 872 KEPU
Row 873 KEPU
Row 874 KEPU
Row 875 KEPU
Row 876 KEPU
Row 877 KEPU
Row 878 KEPU
Row 879 KEPU
Row 880 KEPU
Row 881 KEPU
Row 882 KEPU
Row 883 KEPU
Row 884 KEPU
Row 885 KEPU
Row 886 KEPU
Row 887 KEPU
Row 888 KEPU
Row 889 KEPU
Row 890 KEPU
Row 891 KEPU
Row 892 KEPU
Row 893 KEPU
Row 894 KEPU
Row 895 KEPU
Row 896 KEPU
Row 897 KEPU
Row 898 KEPU
Row 899 KEPU
Row 900 KEPU
Row 901 PRANCIS
Row 902 PRANCIS
Row 903 PRANCIS
Row 904 PRANCIS
Row 905 PRANCIS
Row 906 PRANCIS
Row 907 PRANCIS 2
Row 908 PRANCIS 2
Row 909 PRANCIS 2
Row 910 PRANCIS 2
Row 911 KEPU
Row 912 KEPU
Row 913 KEPU
Row 914 KEPU
Row 915 KEPU
Row 916 KEPU
Row 917 KEPU
Row 918 KEPU
Row 919 KEPU
Row 920 KEPU
Row 921 KEPU
Row 922 KEPU
Row 923 KEPU
Row 924 KEPU
Row 925 KEPU
Row 926 KEPU
Row 927 PRANCIS
Row 928 PRANCIS 2
Row 929 PRANCIS 2
Row 930 KEPU
Row 931 KEPU
Row 932 KEPU
Row 933 KEPU
Row 934 KEPU
Row 935 KEPU
Row 936 KEPU
Row 937 KEPU
Row 938 KEPU
Row 939 KEPU
Row 940 KEPU
Row 941 KEPU
Row 942 KEPU
Row 943 KEPU
Row 944 KEPU
Row 945 KEPU
Row 946 KEPU
Row 947 KEPU
Row 948 KEPU
Row 949 KEPU
Row 950 KEPU
Row 951 KEPU
Row 952 KEPU
Row 953 KEPU
Row 954 KEPU
Row 955 KEPU
Row 956 KEPU
Row 957 KEPU
Row 958 KEPU
Row 959 KEPU
Row 960 KEPU
Row 961 KEPU
Row 962 KEPU
Row 963 KEPU
Row 964 KEPU
Row 965 KEPU
Row 966 KEPU
Row 967 KEPU
Row 968 KEPU
Row 969 KEPU
Row 970 KEPU
Row 971 KEPU
Row 972 KEPU
Row 973 KEPU
Row 974 KEPU
Row 975 KEPU
Row 976 KEPU
Row 977 KEPU
Row 978 KEPU
Row 979 PRANCIS
Row 980 PRANCIS
Row 981 PRANCIS
Row 982 PRANCIS
Row 983 PRANCIS
Row 984 PRANCIS
Row 985 PRANCIS
Row 986 PRANCIS
Row 987 PRANCIS 2
Row 988 PRANCIS 2
Row 989 KEPU
Row 990 KEPU
Row 991 KEPU
Row 992 KEPU
Row 993 KEPU
Row 994 KEPU
Row 995 KEPU
Row 996 KEPU
Row 997 KEPU
Row 998 KEPU
Row 999 KEPU
Row 1000 KEPU
Row 1001 KEPU
Row 1002 KEPU
Row 1003 KEPU
Row 1004 PRANCIS 2
Row 1005 PRANCIS 2
Row 1006 PRANCIS 2
Row 1007 PRANCIS 2
Row 1008 KEPU
Row 1009 KEPU
Row 1010 KEPU
Row 1011 KEPU
Row 1012 KEPU
Row 1013 KEPU
Row 1014 KEPU
Row 1015 KEPU
Row 1016 KEPU
Row 1017 KEPU
Row 1018 KEPU
Row 1019 KEPU
Row 1020 KEPU
Row 1021 KEPU
Row 1022 KEPU
Row 1023 KEPU
Row 1024 KEPU
Row 1025 KEPU
Row 1026 KEPU
Row 1027 KEPU
Row 1028 KEPU
Row 1029 KEPU
Row 1030 KEPU
Row 1031 KEPU
Row 1032 KEPU
Row 1033 KEPU
Row 1034 KEPU
Row 1035 KEPU
Row 1036 KEPU
Row 1037 KEPU
Row 1038 KEPU
Row 1039 KEPU
Row 1040 KEPU
Row 1041 KEPU
Row 1042 KEPU
Row 1043 KEPU
Row 1044 KEPU
Row 1045 PRANCIS
Row 1046 PRANCIS
Row 1047 PRANCIS
Row 1048 PRANCIS
Row 1049 PRANCIS
Row 1050 PRANCIS 2
Row 1051 PRANCIS 2
Row 1052 PRANCIS 2
Row 1053 PRANCIS 2
Row 1054 KEPU
Row 1055 KEPU
Row 1056 KEPU
Row 1057 KEPU
Row 1058 KEPU
Row 1059 KEPU
Row 1060 KEPU
Row 1061 KEPU
Row 1062 KEPU
Row 1063 KEPU
Row 1064 PRANCIS
Row 1065 PRANCIS
Row 1066 PRANCIS
Row 1067 PRANCIS
Row 1068 PRANCIS
Row 1069 PRANCIS
Row 1070 PRANCIS 2
Row 1071 PRANCIS 2
Row 1072 PRANCIS 2
Row 1073 PRANCIS 2
Row 1074 KEPU
Row 1075 KEPU
Row 1076 KEPU
Row 1077 KEPU
Row 1078 KEPU
Row 1079 KEPU
Row 1080 KEPU
Row 1081 KEPU
Row 1082 KEPU
Row 1083 KEPU
Row 1084 KEPU
Row 1085 KEPU
Row 1086 KEPU
Row 1087 KEPU
Row 1088 KEPU
Row 1089 KEPU
Row 1090 KEPU
Row 1091 KEPU
Row 1092 KEPU
Row 1093 KEPU
Row 1094 KEPU
Row 1095 KEPU
Row 1096 KEPU
Row 1097 KEPU
Row 1098 KEPU
Row 1099 KEPU
Row 1100 KEPU
Row 1101 KEPU
Row 1102 KEPU
Row 1103 KEPU
Row 1104 KEPU
Row 1105 KEPU
Row 1106 KEPU
Row 1107 KEPU
Row 1108 KEPU
Row 1109 KEPU
Row 1110 KEPU
Row 1111 KEPU
Row 1112 KEPU
Row 1113 KEPU
Row 1114 KEPU
Row 1115 KEPU
Row 1116 KEPU
Row 1117 KEPU
Row 1118 KEPU
Row 1119 KEPU
Row 1120 KEPU
Row 1121 KEPU
Row 1122 KEPU
Row 1123 KEPU
Row 1124 KEPU
Row 1125 KEPU
Row 1126 KEPU
Row 1127 KEPU
Row 1128 KEPU
Row 1129 KEPU
Row 1130 KEPU
Row 1131 KEPU
Row 1132 KEPU
Row 1133 KEPU
Row 1134 KEPU
Row 1135 KEPU
Row 1136 KEPU
Row 1137 KEPU
Row 1138 KEPU
Row 1139 KEPU
Row 1140 KEPU
Row 1141 KEPU
Row 1142 KEPU
Row 1143 KEPU
Row 1144 KEPU
Row 1145 KEPU
Row 1146 KEPU
Row 1147 PRANCIS
Row 1148 PRANCIS
Row 1149 PRANCIS
Row 1150 PRANCIS
Row 1151 PRANCIS
Row 1152 PRANCIS
Row 1153 PRANCIS
Row 1154 PRANCIS
Row 1155 PRANCIS
Row 1156 PRANCIS
Row 1157 PRANCIS
Row 1158 PRANCIS 2
Row 1159 PRANCIS 2
Row 1160 PRANCIS 2
Row 1161 PRANCIS 2
Row 1162 PRANCIS 2
Row 1163 PRANCIS 2
Row 1164 PRANCIS 2
Row 1165 PRANCIS 2
Row 1166 PRANCIS 2
Row 1167 PRANCIS 2
Row 1168 PRANCIS 2
Row 1169 PRANCIS 2
Row 1170 KEPU
Row 1171 KEPU
Row 1172 KEPU
Row 1173 KEPU
Row 1174 KEPU
Row 1175 KEPU
Row 1176 KEPU
Row 1177 KEPU
Row 1178 KEPU
Row 1179 KEPU
Row 1180 KEPU
Row 1181 KEPU
Row 1182 KEPU
Row 1183 KEPU
Row 1184 KEPU
Row 1185 KEPU
Row 1186 PRANCIS
Row 1187 PRANCIS
Row 1188 PRANCIS 2
Row 1189 PRANCIS 2
Row 1190 PRANCIS 2
Row 1191 PRANCIS 2
Row 1192 KEPU
Row 1193 KEPU
Row 1194 KEPU
Row 1195 KEPU
Row 1196 KEPU
Row 1197 KEPU
Row 1198 KEPU
Row 1199 KEPU
Row 1200 KEPU
Row 1201 KEPU
Row 1202 KEPU
Row 1203 KEPU
Row 1204 KEPU
Row 1205 KEPU
Row 1206 KEPU
Row 1207 KEPU
Row 1208 KEPU
Row 1209 KEPU
Row 1210 KEPU
Row 1211 KEPU
Row 1212 KEPU
Row 1213 KEPU
Row 1214 KEPU
Row 1215 KEPU
Row 1216 KEPU
Row 1217 KEPU
Row 1218 KEPU
Row 1219 KEPU
Row 1220 KEPU
Row 1221 KEPU
Row 1222 KEPU
Row 1223 KEPU
Row 1224 PRANCIS
Row 1225 PRANCIS
Row 1226 PRANCIS 2
Row 1227 PRANCIS 2
Row 1228 KEPU
Row 1229 KEPU
Row 1230 KEPU
Row 1231 KEPU
Row 1232 KEPU
Row 1233 KEPU
Row 1234 PRANCIS
Row 1235 PRANCIS
Row 1236 PRANCIS
Row 1237 PRANCIS
Row 1238 PRANCIS
Row 1239 PRANCIS
Row 1240 KEPU
Row 1241 KEPU
Row 1242 KEPU
Row 1243 KEPU
Row 1244 KEPU
Row 1245 KEPU
Row 1246 KEPU
Row 1247 KEPU
Row 1248 KEPU
Row 1249 KEPU
Row 1250 KEPU
Row 1251 KEPU
Row 1252 KEPU
Row 1253 KEPU
Row 1254 KEPU
Row 1255 KEPU
Row 1256 KEPU
Row 1257 KEPU
Row 1258 KEPU
Row 1259 KEPU
Row 1260 KEPU
Row 1261 KEPU
Row 1262 KEPU
Row 1263 KEPU
Row 1264 KEPU
Row 1265 KEPU
Row 1266 KEPU
Row 1267 KEPU
Row 1268 KEPU
Row 1269 KEPU
Row 1270 KEPU
Row 1271 KEPU
Row 1272 KEPU
Row 1273 KEPU
Row 1274 KEPU
Row 1275 KEPU
Row 1276 KEPU
Row 1277 KEPU
Row 1278 KEPU
Row 1279 KEPU
Row 1280 KEPU
Row 1281 KEPU
Row 1282 KEPU
Row 1283 KEPU
Row 1284 KEPU
Row 1285 KEPU
Row 1286 KEPU
Row 1287 KEPU
Row 1288 KEPU
Row 1289 KEPU
Row 1290 KEPU
Row 1291 KEPU
Row 1292 KEPU
Row 1293 KEPU
Row 1294 KEPU
Row 1295 KEPU
Row 1296 PRANCIS
Row 1297 PRANCIS
Row 1298 PRANCIS
Row 1299 PRANCIS
Row 1300 PRANCIS
Row 1301 PRANCIS 2
Row 1302 PRANCIS 2
Row 1303 PRANCIS 2
Row 1304 PRANCIS 2
Row 1305 KEPU
Row 1306 KEPU
Row 1307 KEPU
Row 1308 KEPU
Row 1309 KEPU
Row 1310 KEPU
Row 1311 KEPU
Row 1312 KEPU
Row 1313 KEPU
Row 1314 KEPU
Row 1315 KEPU
Row 1316 KEPU
Row 1317 KEPU
Row 1318 KEPU
Row 1319 KEPU
Row 1320 PRANCIS
Row 1321 KEPU
Row 1322 KEPU
Row 1323 KEPU
Row 1324 KEPU
Row 1325 KEPU
Row 1326 KEPU
Row 1327 KEPU
Row 1328 KEPU
Row 1329 KEPU
Row 1330 KEPU
Row 1331 KEPU
Row 1332 KEPU
Row 1333 KEPU
Row 1334 KEPU
Row 1335 KEPU
Row 1336 KEPU
Row 1337 KEPU
Row 1338 KEPU
Row 1339 KEPU
Row 1340 KEPU
Row 1341 KEPU
Row 1342 KEPU
Row 1343 KEPU
Row 1344 KEPU
Row 1345 KEPU
Row 1346 KEPU
Row 1347 KEPU
Row 1348 KEPU
Row 1349 KEPU
Row 1350 KEPU
Row 1351 KEPU
Row 1352 KEPU
Row 1353 KEPU
Row 1354 KEPU
Row 1355 KEPU
Row 1356 KEPU
Row 1357 KEPU
Row 1358 KEPU
Row 1359 KEPU
Row 1360 KEPU
Row 1361 KEPU
Row 1362 KEPU
Row 1363 KEPU
Row 1364 KEPU
Row 1365 KEPU
Row 1366 KEPU
Row 1367 KEPU
Row 1368 KEPU
Row 1369 KEPU
Row 1370 KEPU
Row 1371 KEPU
Row 1372 KEPU
Row 1373 KEPU
Row 1374 KEPU
Row 1375 KEPU
Row 1376 KEPU
Row 1377 PRANCIS
Row 1378 PRANCIS
Row 1379 PRANCIS
Row 1380 PRANCIS
Row 1381 PRANCIS
Row 1382 PRANCIS
Row 1383 PRANCIS
Row 1384 PRANCIS
Row 1385 PRANCIS
Row 1386 PRANCIS
Row 1387 PRANCIS
Row 1388 PRANCIS
Row 1389 PRANCIS
Row 1390 PRANCIS
Row 1391 PRANCIS
Row 1392 PRANCIS 2
Row 1393 PRANCIS 2
Row 1394 PRANCIS 2
Row 1395 PRANCIS 2
Row 1396 KEPU
Row 1397 KEPU
Row 1398 KEPU
Row 1399 KEPU
Row 1400 KEPU
Row 1401 KEPU
Row 1402 KEPU
Row 1403 KEPU
Row 1404 KEPU
Row 1405 KEPU
Row 1406 KEPU
Row 1407 KEPU
Row 1408 KEPU
Row 1409 KEPU
Row 1410 KEPU
Row 1411 PRANCIS
Row 1412 PRANCIS
Row 1413 KEPU
Row 1414 KEPU
Row 1415 KEPU
Row 1416 KEPU
Row 1417 KEPU
Row 1418 KEPU
Row 1419 KEPU
Row 1420 KEPU
Row 1421 KEPU
Row 1422 KEPU
Row 1423 KEPU
Row 1424 KEPU
Row 1425 KEPU
Row 1426 KEPU
Row 1427 KEPU
Row 1428 KEPU
Row 1429 KEPU
Row 1430 KEPU
Row 1431 KEPU
Row 1432 KEPU
Row 1433 KEPU
Row 1434 KEPU
Row 1435 KEPU
Row 1436 KEPU
Row 1437 KEPU
Row 1438 KEPU
Row 1439 KEPU
Row 1440 KEPU
Row 1441 KEPU
Row 1442 KEPU
Row 1443 KEPU
Row 1444 KEPU
Row 1445 KEPU
Row 1446 KEPU
Row 1447 KEPU
Row 1448 KEPU
Row 1449 KEPU
Row 1450 KEPU
Row 1451 KEPU
Row 1452 KEPU
Row 1453 KEPU
Row 1454 KEPU
Row 1455 KEPU
Row 1456 KEPU
Row 1457 KEPU
Row 1458 KEPU
Row 1459 KEPU
Row 1460 KEPU
Row 1461 PRANCIS
Row 1462 PRANCIS
Row 1463 PRANCIS
Row 1464 PRANCIS
Row 1465 PRANCIS
Row 1466 PRANCIS
Row 1467 PRANCIS
Row 1468 PRANCIS
Row 1469 PRANCIS
Row 1470 PRANCIS
Row 1471 PRANCIS
Row 1472 PRANCIS 2
Row 1473 PRANCIS 2
Row 1474 KEPU
Row 1475 KEPU
Row 1476 KEPU
Row 1477 KEPU
Row 1478 KEPU
Row 1479 KEPU
Row 1480 KEPU
Row 1481 KEPU
Row 1482 KEPU
Row 1483 KEPU
Row 1484 KEPU
Row 1485 KEPU
Row 1486 KEPU
Row 1487 KEPU
Row 1488 KEPU
Row 1489 KEPU
Row 1490 KEPU
Row 1491 KEPU
Row 1492 KEPU
Row 1493 KEPU
Row 1494 KEPU
Row 1495 KEPU
Row 1496 KEPU
Row 1497 KEPU
Row 1498 PRANCIS
Row 1499 PRANCIS
Row 1500 PRANCIS
Row 1501 PRANCIS
Row 1502 PRANCIS
Row 1503 PRANCIS 2
Row 1504 PRANCIS 2
Row 1505 KEPU
Row 1506 KEPU
Row 1507 KEPU
Row 1508 KEPU
Row 1509 KEPU
Row 1510 KEPU
Row 1511 KEPU
Row 1512 KEPU
Row 1513 KEPU
Row 1514 KEPU
Row 1515 KEPU
Row 1516 KEPU
Row 1517 KEPU
Row 1518 KEPU
Row 1519 KEPU
Row 1520 KEPU
Row 1521 KEPU
Row 1522 KEPU
Row 1523 KEPU
Row 1524 KEPU
Row 1525 KEPU
Row 1526 KEPU
Row 1527 KEPU
Row 1528 KEPU
Row 1529 KEPU
Row 1530 KEPU
Row 1531 KEPU
Row 1532 KEPU
Row 1533 KEPU
Row 1534 KEPU
Row 1535 KEPU
Row 1536 KEPU
Row 1537 KEPU
Row 1538 KEPU
Row 1539 KEPU
Row 1540 KEPU
Row 1541 KEPU
Row 1542 KEPU
Row 1543 KEPU
Row 1544 KEPU
Row 1545 KEPU
Row 1546 KEPU
Row 1547 KEPU
Row 1548 KEPU
Row 1549 KEPU
Row 1550 PRANCIS
Row 1551 PRANCIS
Row 1552 PRANCIS
Row 1553 PRANCIS
Row 1554 PRANCIS
Row 1555 PRANCIS
Row 1556 PRANCIS
Row 1557 PRANCIS 2
Row 1558 PRANCIS 2
Row 1559 PRANCIS 2
Row 1560 PRANCIS 2
Row 1561 PRANCIS 2
Row 1562 PRANCIS 2
Row 1563 PRANCIS 2
Row 1564 PRANCIS 2
Row 1565 KEPU
Row 1566 KEPU
Row 1567 KEPU
Row 1568 KEPU
Row 1569 KEPU
Row 1570 KEPU
Row 1571 KEPU
Row 1572 KEPU
Row 1573 KEPU
Row 1574 KEPU
Row 1575 KEPU
Row 1576 KEPU
Row 1577 KEPU
Row 1578 KEPU
Row 1579 PRANCIS 2
Row 1580 PRANCIS 2
Row 1581 KEPU
Row 1582 KEPU
Row 1583 KEPU
Row 1584 KEPU
Row 1585 KEPU
Row 1586 KEPU
Row 1587 KEPU
Row 1588 KEPU
Row 1589 KEPU
Row 1590 KEPU
Row 1591 KEPU
Row 1592 KEPU
Row 1593 KEPU
Row 1594 KEPU
Row 1595 KEPU
Row 1596 KEPU
Row 1597 KEPU
Row 1598 KEPU
Row 1599 KEPU
Row 1600 KEPU
Row 1601 KEPU
Row 1602 KEPU
Row 1603 KEPU
Row 1604 KEPU
Row 1605 KEPU
Row 1606 KEPU
Row 1607 KEPU
Row 1608 KEPU
Row 1609 KEPU
Row 1610 KEPU
Row 1611 KEPU
Row 1612 KEPU
Row 1613 KEPU
Row 1614 KEPU
Row 1615 KEPU
Row 1616 KEPU
Row 1617 KEPU
Row 1618 KEPU
Row 1619 KEPU
Row 1620 KEPU
Row 1621 KEPU
Row 1622 KEPU
Row 1623 KEPU
Row 1624 KEPU
Row 1625 KEPU
Row 1626 KEPU
Row 1627 KEPU
Row 1628 KEPU
Row 1629 KEPU
Row 1630 KEPU
Row 1631 KEPU
Row 1632 KEPU
Row 1633 KEPU
Row 1634 KEPU
Row 1635 KEPU
Row 1636 KEPU
Row 1637 KEPU
Row 1638 KEPU
Row 1639 KEPU
Row 1640 KEPU
Row 1641 KEPU
Row 1642 KEPU
Row 1643 KEPU
Row 1644 KEPU
Row 1645 KEPU
Row 1646 KEPU
Row 1647 KEPU
Row 1648 KEPU
Row 1649 KEPU
Row 1650 KEPU
Row 1651 KEPU
Row 1652 PRANCIS
Row 1653 PRANCIS
Row 1654 PRANCIS
Row 1655 PRANCIS
Row 1656 PRANCIS
Row 1657 PRANCIS
Row 1658 PRANCIS
Row 1659 PRANCIS
Row 1660 PRANCIS
Row 1661 PRANCIS
Row 1662 PRANCIS
Row 1663 PRANCIS
Row 1664 PRANCIS
Row 1665 PRANCIS
Row 1666 PRANCIS
Row 1667 PRANCIS 2
Row 1668 PRANCIS 2
Row 1669 PRANCIS 2
Row 1670 PRANCIS 2
Row 1671 PRANCIS 2
Row 1672 PRANCIS 2
Row 1673 PRANCIS 2
Row 1674 PRANCIS 2
Row 1675 KEPU
Row 1676 KEPU
Row 1677 KEPU
Row 1678 KEPU
Row 1679 KEPU
Row 1680 KEPU
Row 1681 KEPU
Row 1682 KEPU
Row 1683 KEPU
Row 1684 KEPU
Row 1685 KEPU
Row 1686 KEPU
Row 1687 KEPU
Row 1688 KEPU
Row 1689 KEPU
Row 1690 KEPU
Row 1691 KEPU
Row 1692 KEPU
Row 1693 KEPU
Row 1694 KEPU
Row 1695 KEPU
Row 1696 KEPU
Row 1697 KEPU
Row 1698 KEPU
Row 1699 KEPU
Row 1700 KEPU
Row 1701 KEPU
Row 1702 KEPU
Row 1703 KEPU
Row 1704 PRANCIS
Row 1705 PRANCIS
Row 1706 PRANCIS 2
Row 1707 PRANCIS 2
Row 1708 KEPU
Row 1709 KEPU
Row 1710 KEPU
Row 1711 KEPU
Row 1712 KEPU
Row 1713 KEPU
Row 1714 KEPU
Row 1715 KEPU
Row 1716 KEPU
Row 1717 KEPU
Row 1718 KEPU
Row 1719 KEPU
Row 1720 KEPU
Row 1721 KEPU
Row 1722 KEPU
Row 1723 KEPU
Row 1724 KEPU
Row 1725 KEPU
Row 1726 KEPU
Row 1727 KEPU
Row 1728 KEPU
Row 1729 KEPU
Row 1730 KEPU
Row 1731 KEPU
Row 1732 KEPU
Row 1733 KEPU
Row 1734 KEPU
Row 1735 KEPU
Row 1736 KEPU
Row 1737 KEPU
Row 1738 KEPU
Row 1739 KEPU
Row 1740 PRANCIS 2
Row 1741 PRANCIS 2
Row 1742 KEPU
Row 1743 KEPU
Row 1744 KEPU
Row 1745 KEPU
Row 1746 KEPU
Row 1747 KEPU
Row 1748 KEPU
Row 1749 KEPU
Row 1750 KEPU
Row 1751 KEPU
Row 1752 KEPU
Row 1753 KEPU
Row 1754 PRANCIS
Row 1755 PRANCIS
Row 1756 KEPU
Row 1757 KEPU
Row 1758 KEPU
Row 1759 KEPU
Row 1760 KEPU
Row 1761 KEPU
Row 1762 KEPU
Row 1763 KEPU
Row 1764 KEPU
Row 1765 KEPU
Row 1766 KEPU
Row 1767 KEPU
Row 1768 KEPU
Row 1769 KEPU
Row 1770 KEPU
Row 1771 KEPU
Row 1772 KEPU
Row 1773 KEPU
Row 1774 KEPU
Row 1775 KEPU
Row 1776 KEPU
Row 1777 KEPU
Row 1778 KEPU
Row 1779 KEPU
Row 1780 KEPU
Row 1781 KEPU
Row 1782 KEPU
Row 1783 KEPU
Row 1784 KEPU
Row 1785 KEPU
Row 1786 KEPU
Row 1787 KEPU
Row 1788 KEPU
Row 1789 KEPU
Row 1790 KEPU
Row 1791 KEPU
Row 1792 KEPU
Row 1793 KEPU
Row 1794 KEPU
Row 1795 KEPU
Row 1796 KEPU
Row 1797 KEPU
Row 1798 KEPU
Row 1799 KEPU
Row 1800 PRANCIS
Row 1801 PRANCIS
Row 1802 PRANCIS
Row 1803 PRANCIS
Row 1804 PRANCIS
Row 1805 PRANCIS
Row 1806 PRANCIS
Row 1807 PRANCIS
Row 1808 PRANCIS
Row 1809 PRANCIS
Row 1810 PRANCIS
Row 1811 PRANCIS
Row 1812 PRANCIS
Row 1813 PRANCIS
Row 1814 PRANCIS
Row 1815 PRANCIS
Row 1816 PRANCIS
Row 1817 PRANCIS
Row 1818 PRANCIS 2
Row 1819 PRANCIS 2
Row 1820 PRANCIS 2
Row 1821 PRANCIS 2
Row 1822 PRANCIS 2
Row 1823 PRANCIS 2
Row 1824 PRANCIS 2
Row 1825 PRANCIS 2
Row 1826 PRANCIS 2
Row 1827 PRANCIS 2
Row 1828 KEPU
Row 1829 KEPU
Row 1830 KEPU
Row 1831 KEPU
Row 1832 KEPU
Row 1833 KEPU
Row 1834 KEPU
Row 1835 KEPU
Row 1836 KEPU
Row 1837 KEPU
Row 1838 KEPU
Row 1839 KEPU
Row 1840 KEPU
Row 1841 KEPU
Row 1842 KEPU
Row 1843 KEPU
Row 1844 PRANCIS
Row 1845 PRANCIS
Row 1846 PRANCIS
Row 1847 PRANCIS
Row 1848 PRANCIS
Row 1849 PRANCIS 2
Row 1850 PRANCIS 2
Row 1851 PRANCIS 2
Row 1852 PRANCIS 2
Row 1853 PRANCIS 2
Row 1854 PRANCIS 2
Row 1855 PRANCIS 2
Row 1856 PRANCIS 2
Row 1857 PRANCIS 2
Row 1858 PRANCIS 2
Row 1859 PRANCIS 2
Row 1860 KEPU
Row 1861 KEPU
Row 1862 KEPU
Row 1863 KEPU
Row 1864 KEPU
Row 1865 KEPU
Row 1866 KEPU
Row 1867 KEPU
Row 1868 KEPU
Row 1869 KEPU
Row 1870 KEPU
Row 1871 KEPU
Row 1872 KEPU
Row 1873 KEPU
Row 1874 KEPU
Row 1875 KEPU
Row 1876 KEPU
Row 1877 KEPU
Row 1878 KEPU
Row 1879 KEPU
Row 1880 KEPU
Row 1881 KEPU
Row 1882 KEPU
Row 1883 PRANCIS
Row 1884 PRANCIS 2
Row 1885 PRANCIS 2
Row 1886 PRANCIS 2
Row 1887 PRANCIS 2
Row 1888 PRANCIS 2
Row 1889 KEPU
Row 1890 KEPU
Row 1891 KEPU
Row 1892 KEPU
Row 1893 KEPU
Row 1894 KEPU
Row 1895 KEPU
Row 1896 PRANCIS
Row 1897 PRANCIS
Row 1898 PRANCIS
Row 1899 PRANCIS
Row 1900 KEPU
Row 1901 KEPU
Row 1902 KEPU
Row 1903 KEPU
Row 1904 KEPU
Row 1905 KEPU
Row 1906 KEPU
Row 1907 KEPU
Row 1908 KEPU
Row 1909 KEPU
Row 1910 KEPU
Row 1911 KEPU
Row 1912 KEPU
Row 1913 KEPU
Row 1914 KEPU
Row 1915 KEPU
Row 1916 KEPU
Row 1917 KEPU
Row 1918 KEPU
Row 1919 KEPU
Row 1920 KEPU
Row 1921 KEPU
Row 1922 KEPU
Row 1923 KEPU
Row 1924 KEPU
Row 1925 KEPU
Row 1926 KEPU
Row 1927 KEPU
Row 1928 KEPU
Row 1929 KEPU
Row 1930 KEPU
Row 1931 KEPU
Row 1932 KEPU
Row 1933 KEPU
Row 1934 KEPU
Row 1935 KEPU
Row 1936 KEPU
Row 1937 KEPU
Row 1938 KEPU
Row 1939 KEPU
Row 1940 KEPU
Row 1941 KEPU
Row 1942 KEPU
Row 1943 KEPU
Row 1944 KEPU
Row 1945 PRANCIS
Row 1946 PRANCIS
Row 1947 PRANCIS
Row 1948 PRANCIS
Row 1949 PRANCIS
Row 1950 PRANCIS
Row 1951 PRANCIS
Row 1952 PRANCIS
Row 1953 PRANCIS
Row 1954 PRANCIS
Row 1955 PRANCIS
Row 1956 PRANCIS
Row 1957 PRANCIS
Row 1958 PRANCIS
Row 1959 PRANCIS
Row 1960 PRANCIS
Row 1961 PRANCIS 2
Row 1962 PRANCIS 2
Row 1963 PRANCIS 2
Row 1964 PRANCIS 2
Row 1965 PRANCIS 2
Row 1966 PRANCIS 2
Row 1967 PRANCIS 2
Row 1968 PRANCIS 2
Row 1969 PRANCIS 2
Row 1970 PRANCIS 2
Row 1971 PRANCIS 2
Row 1972 PRANCIS 2
Row 1973 PRANCIS 2
Row 1974 PRANCIS 2
Row 1975 PRANCIS 2
Row 1976 PRANCIS 2
Row 1977 PRANCIS 2
Row 1978 PRANCIS 2
Row 1979 PRANCIS 2
Row 1980 PRANCIS 2
Row 1981 PRANCIS 2
Row 1982 PRANCIS 2
Row 1983 PRANCIS 2
Row 1984 PRANCIS 2
Row 1985 PRANCIS 2
Row 1986 KEPU
Row 1987 KEPU
Row 1988 KEPU
Row 1989 KEPU
Row 1990 KEPU
Row 1991 KEPU
Row 1992 KEPU
Row 1993 KEPU
Row 1994 KEPU
Row 1995 KEPU
Row 1996 KEPU
Row 1997 KEPU
Row 1998 KEPU
Row 1999 KEPU
Row 2000 KEPU
Row 2001 KEPU
Row 2002 KEPU
Row 2003 KEPU
Row 2004 KEPU
Row 2005 PRANCIS
Row 2006 PRANCIS
Row 2007 PRANCIS
Row 2008 PRANCIS
Row 2009 PRANCIS
Row 2010 PRANCIS
Row 2011 PRANCIS
Row 2012 PRANCIS
Row 2013 PRANCIS
Row 2014 PRANCIS
Row 2015 PRANCIS
Row 2016 PRANCIS
Row 2017 PRANCIS 2
Row 2018 PRANCIS 2
Row 2019 PRANCIS 2
Row 2020 PRANCIS 2
Files Names Order Status-43-20231009_135542.xlsx
-------------------------------EOF-------------------------------
